{"/Users/haydenparkinson/Projects/determinant/packages/client/src/cli.ts": {"path":"/Users/haydenparkinson/Projects/determinant/packages/client/src/cli.ts","statementMap":{"0":{"start":{"line":14,"column":18},"end":{"line":14,"column":35}},"1":{"start":{"line":15,"column":15},"end":{"line":15,"column":28}},"2":{"start":{"line":16,"column":61},"end":{"line":16,"column":63}},"3":{"start":{"line":18,"column":19},"end":{"line":35,"column":4}},"4":{"start":{"line":19,"column":4},"end":{"line":33,"column":5}},"5":{"start":{"line":20,"column":27},"end":{"line":20,"column":50}},"6":{"start":{"line":22,"column":6},"end":{"line":28,"column":7}},"7":{"start":{"line":23,"column":8},"end":{"line":25,"column":9}},"8":{"start":{"line":24,"column":10},"end":{"line":24,"column":26}},"9":{"start":{"line":26,"column":9},"end":{"line":26,"column":45}},"10":{"start":{"line":27,"column":8},"end":{"line":27,"column":21}},"11":{"start":{"line":30,"column":22},"end":{"line":30,"column":64}},"12":{"start":{"line":31,"column":6},"end":{"line":31,"column":37}},"13":{"start":{"line":32,"column":6},"end":{"line":32,"column":19}},"14":{"start":{"line":34,"column":4},"end":{"line":34,"column":16}},"15":{"start":{"line":37,"column":2},"end":{"line":37,"column":44}},"16":{"start":{"line":41,"column":16},"end":{"line":41,"column":53}},"17":{"start":{"line":42,"column":17},"end":{"line":42,"column":46}},"18":{"start":{"line":44,"column":2},"end":{"line":47,"column":3}},"19":{"start":{"line":45,"column":4},"end":{"line":45,"column":34}},"20":{"start":{"line":46,"column":4},"end":{"line":46,"column":11}},"21":{"start":{"line":49,"column":2},"end":{"line":49,"column":53}},"22":{"start":{"line":50,"column":2},"end":{"line":52,"column":3}},"23":{"start":{"line":51,"column":4},"end":{"line":51,"column":107}},"24":{"start":{"line":56,"column":15},"end":{"line":56,"column":78}},"25":{"start":{"line":57,"column":19},"end":{"line":57,"column":86}},"26":{"start":{"line":60,"column":2},"end":{"line":64,"column":3}},"27":{"start":{"line":61,"column":4},"end":{"line":61,"column":70}},"28":{"start":{"line":62,"column":4},"end":{"line":62,"column":60}},"29":{"start":{"line":63,"column":4},"end":{"line":63,"column":20}},"30":{"start":{"line":67,"column":21},"end":{"line":69,"column":19}},"31":{"start":{"line":71,"column":18},"end":{"line":71,"column":32}},"32":{"start":{"line":72,"column":19},"end":{"line":72,"column":34}},"33":{"start":{"line":74,"column":15},"end":{"line":75,"column":72}},"34":{"start":{"line":74,"column":75},"end":{"line":74,"column":96}},"35":{"start":{"line":76,"column":16},"end":{"line":77,"column":76}},"36":{"start":{"line":76,"column":78},"end":{"line":76,"column":99}},"37":{"start":{"line":79,"column":2},"end":{"line":84,"column":3}},"38":{"start":{"line":80,"column":4},"end":{"line":80,"column":42}},"39":{"start":{"line":81,"column":4},"end":{"line":81,"column":113}},"40":{"start":{"line":82,"column":4},"end":{"line":82,"column":109}},"41":{"start":{"line":83,"column":4},"end":{"line":83,"column":20}},"42":{"start":{"line":87,"column":2},"end":{"line":95,"column":3}},"43":{"start":{"line":88,"column":34},"end":{"line":88,"column":61}},"44":{"start":{"line":89,"column":4},"end":{"line":94,"column":5}},"45":{"start":{"line":90,"column":6},"end":{"line":90,"column":47}},"46":{"start":{"line":92,"column":6},"end":{"line":92,"column":102}},"47":{"start":{"line":93,"column":6},"end":{"line":93,"column":77}},"48":{"start":{"line":97,"column":17},"end":{"line":97,"column":85}},"49":{"start":{"line":98,"column":15},"end":{"line":98,"column":26}},"50":{"start":{"line":100,"column":2},"end":{"line":100,"column":42}},"51":{"start":{"line":101,"column":2},"end":{"line":101,"column":38}},"52":{"start":{"line":102,"column":2},"end":{"line":102,"column":46}},"53":{"start":{"line":103,"column":2},"end":{"line":103,"column":40}},"54":{"start":{"line":104,"column":2},"end":{"line":106,"column":3}},"55":{"start":{"line":105,"column":4},"end":{"line":105,"column":53}},"56":{"start":{"line":107,"column":2},"end":{"line":110,"column":3}},"57":{"start":{"line":108,"column":4},"end":{"line":108,"column":27}},"58":{"start":{"line":109,"column":4},"end":{"line":109,"column":58}},"59":{"start":{"line":109,"column":29},"end":{"line":109,"column":56}},"60":{"start":{"line":111,"column":2},"end":{"line":114,"column":3}},"61":{"start":{"line":112,"column":4},"end":{"line":112,"column":28}},"62":{"start":{"line":113,"column":4},"end":{"line":113,"column":61}},"63":{"start":{"line":113,"column":31},"end":{"line":113,"column":59}},"64":{"start":{"line":118,"column":13},"end":{"line":118,"column":25}},"65":{"start":{"line":120,"column":2},"end":{"line":124,"column":3}},"66":{"start":{"line":121,"column":4},"end":{"line":121,"column":45}},"67":{"start":{"line":122,"column":4},"end":{"line":122,"column":46}},"68":{"start":{"line":123,"column":4},"end":{"line":123,"column":20}},"69":{"start":{"line":126,"column":17},"end":{"line":126,"column":41}},"70":{"start":{"line":127,"column":15},"end":{"line":127,"column":21}},"71":{"start":{"line":129,"column":2},"end":{"line":129,"column":46}},"72":{"start":{"line":130,"column":2},"end":{"line":130,"column":37}},"73":{"start":{"line":131,"column":2},"end":{"line":131,"column":43}},"74":{"start":{"line":132,"column":2},"end":{"line":132,"column":49}},"75":{"start":{"line":133,"column":2},"end":{"line":135,"column":3}},"76":{"start":{"line":134,"column":4},"end":{"line":134,"column":56}},"77":{"start":{"line":136,"column":2},"end":{"line":136,"column":49}},"78":{"start":{"line":137,"column":2},"end":{"line":137,"column":49}},"79":{"start":{"line":139,"column":2},"end":{"line":142,"column":3}},"80":{"start":{"line":140,"column":4},"end":{"line":140,"column":27}},"81":{"start":{"line":141,"column":4},"end":{"line":141,"column":61}},"82":{"start":{"line":141,"column":34},"end":{"line":141,"column":59}},"83":{"start":{"line":144,"column":2},"end":{"line":147,"column":3}},"84":{"start":{"line":145,"column":4},"end":{"line":145,"column":28}},"85":{"start":{"line":146,"column":4},"end":{"line":146,"column":64}},"86":{"start":{"line":146,"column":36},"end":{"line":146,"column":62}},"87":{"start":{"line":148,"column":2},"end":{"line":156,"column":3}},"88":{"start":{"line":149,"column":4},"end":{"line":149,"column":54}},"89":{"start":{"line":150,"column":4},"end":{"line":155,"column":5}},"90":{"start":{"line":151,"column":6},"end":{"line":151,"column":43}},"91":{"start":{"line":152,"column":6},"end":{"line":152,"column":36}},"92":{"start":{"line":153,"column":6},"end":{"line":153,"column":102}},"93":{"start":{"line":154,"column":6},"end":{"line":154,"column":89}},"94":{"start":{"line":160,"column":16},"end":{"line":160,"column":78}},"95":{"start":{"line":162,"column":17},"end":{"line":162,"column":45}},"96":{"start":{"line":164,"column":2},"end":{"line":167,"column":3}},"97":{"start":{"line":165,"column":4},"end":{"line":165,"column":37}},"98":{"start":{"line":166,"column":4},"end":{"line":166,"column":11}},"99":{"start":{"line":169,"column":2},"end":{"line":169,"column":72}},"100":{"start":{"line":170,"column":2},"end":{"line":176,"column":3}},"101":{"start":{"line":171,"column":24},"end":{"line":171,"column":46}},"102":{"start":{"line":172,"column":24},"end":{"line":172,"column":46}},"103":{"start":{"line":173,"column":17},"end":{"line":173,"column":41}},"104":{"start":{"line":174,"column":18},"end":{"line":174,"column":39}},"105":{"start":{"line":175,"column":4},"end":{"line":175,"column":157}},"106":{"start":{"line":180,"column":13},"end":{"line":180,"column":25}},"107":{"start":{"line":181,"column":19},"end":{"line":181,"column":44}},"108":{"start":{"line":183,"column":2},"end":{"line":186,"column":3}},"109":{"start":{"line":184,"column":4},"end":{"line":184,"column":60}},"110":{"start":{"line":185,"column":4},"end":{"line":185,"column":20}},"111":{"start":{"line":188,"column":2},"end":{"line":191,"column":3}},"112":{"start":{"line":189,"column":4},"end":{"line":189,"column":69}},"113":{"start":{"line":190,"column":4},"end":{"line":190,"column":20}},"114":{"start":{"line":193,"column":2},"end":{"line":199,"column":3}},"115":{"start":{"line":194,"column":19},"end":{"line":194,"column":72}},"116":{"start":{"line":195,"column":4},"end":{"line":195,"column":62}},"117":{"start":{"line":197,"column":4},"end":{"line":197,"column":33}},"118":{"start":{"line":198,"column":4},"end":{"line":198,"column":20}},"119":{"start":{"line":203,"column":2},"end":{"line":224,"column":3}},"120":{"start":{"line":204,"column":19},"end":{"line":204,"column":41}},"121":{"start":{"line":205,"column":18},"end":{"line":205,"column":35}},"122":{"start":{"line":206,"column":44},"end":{"line":206,"column":46}},"123":{"start":{"line":207,"column":4},"end":{"line":212,"column":5}},"124":{"start":{"line":208,"column":27},"end":{"line":208,"column":42}},"125":{"start":{"line":209,"column":6},"end":{"line":211,"column":7}},"126":{"start":{"line":210,"column":8},"end":{"line":210,"column":41}},"127":{"start":{"line":213,"column":19},"end":{"line":213,"column":57}},"128":{"start":{"line":214,"column":4},"end":{"line":214,"column":39}},"129":{"start":{"line":215,"column":4},"end":{"line":215,"column":69}},"130":{"start":{"line":216,"column":4},"end":{"line":216,"column":73}},"131":{"start":{"line":217,"column":4},"end":{"line":217,"column":65}},"132":{"start":{"line":219,"column":19},"end":{"line":219,"column":47}},"133":{"start":{"line":220,"column":4},"end":{"line":220,"column":41}},"134":{"start":{"line":221,"column":4},"end":{"line":221,"column":69}},"135":{"start":{"line":222,"column":4},"end":{"line":222,"column":73}},"136":{"start":{"line":223,"column":4},"end":{"line":223,"column":65}},"137":{"start":{"line":228,"column":20},"end":{"line":228,"column":43}},"138":{"start":{"line":230,"column":2},"end":{"line":230,"column":55}},"139":{"start":{"line":233,"column":25},"end":{"line":233,"column":59}},"140":{"start":{"line":235,"column":2},"end":{"line":254,"column":3}},"141":{"start":{"line":236,"column":4},"end":{"line":236,"column":48}},"142":{"start":{"line":238,"column":4},"end":{"line":238,"column":73}},"143":{"start":{"line":239,"column":4},"end":{"line":243,"column":5}},"144":{"start":{"line":240,"column":26},"end":{"line":240,"column":47}},"145":{"start":{"line":241,"column":26},"end":{"line":241,"column":47}},"146":{"start":{"line":242,"column":6},"end":{"line":242,"column":78}},"147":{"start":{"line":244,"column":4},"end":{"line":244,"column":18}},"148":{"start":{"line":246,"column":4},"end":{"line":253,"column":5}},"149":{"start":{"line":247,"column":6},"end":{"line":247,"column":51}},"150":{"start":{"line":248,"column":22},"end":{"line":248,"column":69}},"151":{"start":{"line":248,"column":60},"end":{"line":248,"column":68}},"152":{"start":{"line":249,"column":24},"end":{"line":249,"column":62}},"153":{"start":{"line":250,"column":6},"end":{"line":250,"column":91}},"154":{"start":{"line":252,"column":6},"end":{"line":252,"column":74}},"155":{"start":{"line":257,"column":2},"end":{"line":257,"column":57}},"156":{"start":{"line":258,"column":26},"end":{"line":258,"column":64}},"157":{"start":{"line":260,"column":2},"end":{"line":274,"column":3}},"158":{"start":{"line":261,"column":4},"end":{"line":261,"column":52}},"159":{"start":{"line":263,"column":4},"end":{"line":263,"column":76}},"160":{"start":{"line":264,"column":4},"end":{"line":271,"column":5}},"161":{"start":{"line":265,"column":28},"end":{"line":265,"column":54}},"162":{"start":{"line":266,"column":26},"end":{"line":266,"column":46}},"163":{"start":{"line":267,"column":6},"end":{"line":267,"column":112}},"164":{"start":{"line":268,"column":6},"end":{"line":270,"column":7}},"165":{"start":{"line":269,"column":8},"end":{"line":269,"column":50}},"166":{"start":{"line":272,"column":4},"end":{"line":272,"column":18}},"167":{"start":{"line":273,"column":4},"end":{"line":273,"column":106}},"168":{"start":{"line":278,"column":34},"end":{"line":278,"column":74}},"169":{"start":{"line":279,"column":24},"end":{"line":279,"column":49}},"170":{"start":{"line":281,"column":2},"end":{"line":287,"column":3}},"171":{"start":{"line":282,"column":17},"end":{"line":282,"column":42}},"172":{"start":{"line":283,"column":4},"end":{"line":283,"column":51}},"173":{"start":{"line":284,"column":4},"end":{"line":284,"column":78}},"174":{"start":{"line":285,"column":4},"end":{"line":285,"column":38}},"175":{"start":{"line":286,"column":4},"end":{"line":286,"column":11}},"176":{"start":{"line":289,"column":17},"end":{"line":289,"column":42}},"177":{"start":{"line":290,"column":2},"end":{"line":290,"column":49}},"178":{"start":{"line":291,"column":2},"end":{"line":291,"column":46}},"179":{"start":{"line":292,"column":2},"end":{"line":292,"column":57}},"180":{"start":{"line":293,"column":2},"end":{"line":293,"column":44}},"181":{"start":{"line":294,"column":2},"end":{"line":294,"column":46}},"182":{"start":{"line":295,"column":2},"end":{"line":295,"column":32}},"183":{"start":{"line":296,"column":2},"end":{"line":298,"column":3}},"184":{"start":{"line":297,"column":4},"end":{"line":297,"column":53}},"185":{"start":{"line":299,"column":2},"end":{"line":299,"column":16}},"186":{"start":{"line":303,"column":2},"end":{"line":343,"column":3}},"187":{"start":{"line":347,"column":15},"end":{"line":347,"column":47}},"188":{"start":{"line":349,"column":18},"end":{"line":349,"column":80}},"189":{"start":{"line":350,"column":17},"end":{"line":350,"column":54}},"190":{"start":{"line":352,"column":17},"end":{"line":352,"column":59}},"191":{"start":{"line":354,"column":2},"end":{"line":360,"column":3}},"192":{"start":{"line":355,"column":4},"end":{"line":355,"column":26}},"193":{"start":{"line":357,"column":4},"end":{"line":357,"column":67}},"194":{"start":{"line":358,"column":4},"end":{"line":358,"column":84}},"195":{"start":{"line":359,"column":4},"end":{"line":359,"column":20}},"196":{"start":{"line":362,"column":2},"end":{"line":401,"column":3}},"197":{"start":{"line":365,"column":6},"end":{"line":365,"column":34}},"198":{"start":{"line":366,"column":6},"end":{"line":366,"column":12}},"199":{"start":{"line":369,"column":6},"end":{"line":369,"column":33}},"200":{"start":{"line":370,"column":6},"end":{"line":370,"column":12}},"201":{"start":{"line":373,"column":6},"end":{"line":373,"column":33}},"202":{"start":{"line":374,"column":6},"end":{"line":374,"column":12}},"203":{"start":{"line":377,"column":6},"end":{"line":377,"column":35}},"204":{"start":{"line":378,"column":6},"end":{"line":378,"column":12}},"205":{"start":{"line":380,"column":6},"end":{"line":380,"column":38}},"206":{"start":{"line":381,"column":6},"end":{"line":381,"column":12}},"207":{"start":{"line":383,"column":6},"end":{"line":383,"column":40}},"208":{"start":{"line":384,"column":6},"end":{"line":384,"column":12}},"209":{"start":{"line":386,"column":6},"end":{"line":386,"column":37}},"210":{"start":{"line":387,"column":6},"end":{"line":387,"column":12}},"211":{"start":{"line":390,"column":6},"end":{"line":390,"column":34}},"212":{"start":{"line":391,"column":6},"end":{"line":391,"column":12}},"213":{"start":{"line":395,"column":6},"end":{"line":395,"column":22}},"214":{"start":{"line":396,"column":6},"end":{"line":396,"column":12}},"215":{"start":{"line":398,"column":6},"end":{"line":398,"column":54}},"216":{"start":{"line":399,"column":6},"end":{"line":399,"column":46}},"217":{"start":{"line":400,"column":6},"end":{"line":400,"column":22}},"218":{"start":{"line":404,"column":0},"end":{"line":407,"column":3}},"219":{"start":{"line":405,"column":2},"end":{"line":405,"column":31}},"220":{"start":{"line":406,"column":2},"end":{"line":406,"column":18}}},"fnMap":{"0":{"name":"parseArgs","decl":{"start":{"line":13,"column":9},"end":{"line":13,"column":18}},"loc":{"start":{"line":13,"column":33},"end":{"line":38,"column":1}}},"1":{"name":"(anonymous_1)","decl":{"start":{"line":18,"column":31},"end":{"line":18,"column":32}},"loc":{"start":{"line":18,"column":39},"end":{"line":35,"column":3}}},"2":{"name":"cmdList","decl":{"start":{"line":40,"column":15},"end":{"line":40,"column":22}},"loc":{"start":{"line":40,"column":63},"end":{"line":53,"column":1}}},"3":{"name":"cmdAdd","decl":{"start":{"line":55,"column":15},"end":{"line":55,"column":21}},"loc":{"start":{"line":55,"column":62},"end":{"line":115,"column":1}}},"4":{"name":"(anonymous_4)","decl":{"start":{"line":74,"column":55},"end":{"line":74,"column":56}},"loc":{"start":{"line":74,"column":75},"end":{"line":74,"column":96}}},"5":{"name":"(anonymous_5)","decl":{"start":{"line":76,"column":58},"end":{"line":76,"column":59}},"loc":{"start":{"line":76,"column":78},"end":{"line":76,"column":99}}},"6":{"name":"(anonymous_6)","decl":{"start":{"line":109,"column":22},"end":{"line":109,"column":25}},"loc":{"start":{"line":109,"column":29},"end":{"line":109,"column":56}}},"7":{"name":"(anonymous_7)","decl":{"start":{"line":113,"column":23},"end":{"line":113,"column":27}},"loc":{"start":{"line":113,"column":31},"end":{"line":113,"column":59}}},"8":{"name":"cmdGet","decl":{"start":{"line":117,"column":15},"end":{"line":117,"column":21}},"loc":{"start":{"line":117,"column":62},"end":{"line":157,"column":1}}},"9":{"name":"(anonymous_9)","decl":{"start":{"line":141,"column":27},"end":{"line":141,"column":30}},"loc":{"start":{"line":141,"column":34},"end":{"line":141,"column":59}}},"10":{"name":"(anonymous_10)","decl":{"start":{"line":146,"column":28},"end":{"line":146,"column":32}},"loc":{"start":{"line":146,"column":36},"end":{"line":146,"column":62}}},"11":{"name":"cmdQueue","decl":{"start":{"line":159,"column":15},"end":{"line":159,"column":23}},"loc":{"start":{"line":159,"column":64},"end":{"line":177,"column":1}}},"12":{"name":"cmdSetState","decl":{"start":{"line":179,"column":15},"end":{"line":179,"column":26}},"loc":{"start":{"line":179,"column":67},"end":{"line":200,"column":1}}},"13":{"name":"cmdHeapConfig","decl":{"start":{"line":202,"column":15},"end":{"line":202,"column":28}},"loc":{"start":{"line":202,"column":69},"end":{"line":225,"column":1}}},"14":{"name":"cmdCleanup","decl":{"start":{"line":227,"column":15},"end":{"line":227,"column":25}},"loc":{"start":{"line":227,"column":66},"end":{"line":275,"column":1}}},"15":{"name":"(anonymous_15)","decl":{"start":{"line":248,"column":55},"end":{"line":248,"column":56}},"loc":{"start":{"line":248,"column":60},"end":{"line":248,"column":68}}},"16":{"name":"cmdNotifyConfig","decl":{"start":{"line":277,"column":15},"end":{"line":277,"column":30}},"loc":{"start":{"line":277,"column":44},"end":{"line":300,"column":1}}},"17":{"name":"cmdHelp","decl":{"start":{"line":302,"column":15},"end":{"line":302,"column":22}},"loc":{"start":{"line":302,"column":22},"end":{"line":344,"column":1}}},"18":{"name":"main","decl":{"start":{"line":346,"column":15},"end":{"line":346,"column":19}},"loc":{"start":{"line":346,"column":19},"end":{"line":402,"column":1}}},"19":{"name":"(anonymous_19)","decl":{"start":{"line":404,"column":13},"end":{"line":404,"column":14}},"loc":{"start":{"line":404,"column":21},"end":{"line":407,"column":1}}}},"branchMap":{"0":{"loc":{"start":{"line":14,"column":18},"end":{"line":14,"column":35}},"type":"binary-expr","locations":[{"start":{"line":14,"column":18},"end":{"line":14,"column":25}},{"start":{"line":14,"column":29},"end":{"line":14,"column":35}}]},"1":{"loc":{"start":{"line":19,"column":4},"end":{"line":33,"column":5}},"type":"if","locations":[{"start":{"line":19,"column":4},"end":{"line":33,"column":5}}]},"2":{"loc":{"start":{"line":22,"column":6},"end":{"line":28,"column":7}},"type":"if","locations":[{"start":{"line":22,"column":6},"end":{"line":28,"column":7}}]},"3":{"loc":{"start":{"line":22,"column":10},"end":{"line":22,"column":41}},"type":"binary-expr","locations":[{"start":{"line":22,"column":10},"end":{"line":22,"column":23}},{"start":{"line":22,"column":27},"end":{"line":22,"column":41}}]},"4":{"loc":{"start":{"line":23,"column":8},"end":{"line":25,"column":9}},"type":"if","locations":[{"start":{"line":23,"column":8},"end":{"line":25,"column":9}}]},"5":{"loc":{"start":{"line":30,"column":22},"end":{"line":30,"column":64}},"type":"cond-expr","locations":[{"start":{"line":30,"column":46},"end":{"line":30,"column":58}},{"start":{"line":30,"column":61},"end":{"line":30,"column":64}}]},"6":{"loc":{"start":{"line":31,"column":23},"end":{"line":31,"column":36}},"type":"binary-expr","locations":[{"start":{"line":31,"column":23},"end":{"line":31,"column":28}},{"start":{"line":31,"column":32},"end":{"line":31,"column":36}}]},"7":{"loc":{"start":{"line":44,"column":2},"end":{"line":47,"column":3}},"type":"if","locations":[{"start":{"line":44,"column":2},"end":{"line":47,"column":3}}]},"8":{"loc":{"start":{"line":56,"column":15},"end":{"line":56,"column":78}},"type":"cond-expr","locations":[{"start":{"line":56,"column":33},"end":{"line":56,"column":56}},{"start":{"line":56,"column":59},"end":{"line":56,"column":78}}]},"9":{"loc":{"start":{"line":57,"column":19},"end":{"line":57,"column":86}},"type":"cond-expr","locations":[{"start":{"line":57,"column":41},"end":{"line":57,"column":82}},{"start":{"line":57,"column":85},"end":{"line":57,"column":86}}]},"10":{"loc":{"start":{"line":60,"column":2},"end":{"line":64,"column":3}},"type":"if","locations":[{"start":{"line":60,"column":2},"end":{"line":64,"column":3}}]},"11":{"loc":{"start":{"line":60,"column":6},"end":{"line":60,"column":92}},"type":"binary-expr","locations":[{"start":{"line":60,"column":6},"end":{"line":60,"column":39}},{"start":{"line":60,"column":44},"end":{"line":60,"column":59}},{"start":{"line":60,"column":63},"end":{"line":60,"column":75}},{"start":{"line":60,"column":79},"end":{"line":60,"column":91}}]},"12":{"loc":{"start":{"line":67,"column":21},"end":{"line":69,"column":19}},"type":"cond-expr","locations":[{"start":{"line":68,"column":6},"end":{"line":68,"column":44}},{"start":{"line":69,"column":6},"end":{"line":69,"column":19}}]},"13":{"loc":{"start":{"line":74,"column":15},"end":{"line":75,"column":72}},"type":"cond-expr","locations":[{"start":{"line":74,"column":40},"end":{"line":74,"column":97}},{"start":{"line":75,"column":16},"end":{"line":75,"column":71}}]},"14":{"loc":{"start":{"line":75,"column":16},"end":{"line":75,"column":71}},"type":"cond-expr","locations":[{"start":{"line":75,"column":57},"end":{"line":75,"column":66}},{"start":{"line":75,"column":69},"end":{"line":75,"column":71}}]},"15":{"loc":{"start":{"line":75,"column":16},"end":{"line":75,"column":54}},"type":"binary-expr","locations":[{"start":{"line":75,"column":16},"end":{"line":75,"column":23}},{"start":{"line":75,"column":27},"end":{"line":75,"column":54}}]},"16":{"loc":{"start":{"line":76,"column":16},"end":{"line":77,"column":76}},"type":"cond-expr","locations":[{"start":{"line":76,"column":42},"end":{"line":76,"column":100}},{"start":{"line":77,"column":17},"end":{"line":77,"column":75}}]},"17":{"loc":{"start":{"line":77,"column":17},"end":{"line":77,"column":75}},"type":"cond-expr","locations":[{"start":{"line":77,"column":60},"end":{"line":77,"column":70}},{"start":{"line":77,"column":73},"end":{"line":77,"column":75}}]},"18":{"loc":{"start":{"line":77,"column":17},"end":{"line":77,"column":57}},"type":"binary-expr","locations":[{"start":{"line":77,"column":17},"end":{"line":77,"column":25}},{"start":{"line":77,"column":29},"end":{"line":77,"column":57}}]},"19":{"loc":{"start":{"line":79,"column":2},"end":{"line":84,"column":3}},"type":"if","locations":[{"start":{"line":79,"column":2},"end":{"line":84,"column":3}}]},"20":{"loc":{"start":{"line":87,"column":2},"end":{"line":95,"column":3}},"type":"if","locations":[{"start":{"line":87,"column":2},"end":{"line":95,"column":3}}]},"21":{"loc":{"start":{"line":104,"column":2},"end":{"line":106,"column":3}},"type":"if","locations":[{"start":{"line":104,"column":2},"end":{"line":106,"column":3}}]},"22":{"loc":{"start":{"line":107,"column":2},"end":{"line":110,"column":3}},"type":"if","locations":[{"start":{"line":107,"column":2},"end":{"line":110,"column":3}}]},"23":{"loc":{"start":{"line":111,"column":2},"end":{"line":114,"column":3}},"type":"if","locations":[{"start":{"line":111,"column":2},"end":{"line":114,"column":3}}]},"24":{"loc":{"start":{"line":120,"column":2},"end":{"line":124,"column":3}},"type":"if","locations":[{"start":{"line":120,"column":2},"end":{"line":124,"column":3}}]},"25":{"loc":{"start":{"line":133,"column":2},"end":{"line":135,"column":3}},"type":"if","locations":[{"start":{"line":133,"column":2},"end":{"line":135,"column":3}}]},"26":{"loc":{"start":{"line":139,"column":2},"end":{"line":142,"column":3}},"type":"if","locations":[{"start":{"line":139,"column":2},"end":{"line":142,"column":3}}]},"27":{"loc":{"start":{"line":144,"column":2},"end":{"line":147,"column":3}},"type":"if","locations":[{"start":{"line":144,"column":2},"end":{"line":147,"column":3}}]},"28":{"loc":{"start":{"line":148,"column":2},"end":{"line":156,"column":3}},"type":"if","locations":[{"start":{"line":148,"column":2},"end":{"line":156,"column":3}}]},"29":{"loc":{"start":{"line":153,"column":33},"end":{"line":153,"column":63}},"type":"binary-expr","locations":[{"start":{"line":153,"column":33},"end":{"line":153,"column":54}},{"start":{"line":153,"column":58},"end":{"line":153,"column":63}}]},"30":{"loc":{"start":{"line":153,"column":69},"end":{"line":153,"column":98}},"type":"binary-expr","locations":[{"start":{"line":153,"column":69},"end":{"line":153,"column":89}},{"start":{"line":153,"column":93},"end":{"line":153,"column":98}}]},"31":{"loc":{"start":{"line":154,"column":48},"end":{"line":154,"column":86}},"type":"cond-expr","locations":[{"start":{"line":154,"column":76},"end":{"line":154,"column":81}},{"start":{"line":154,"column":84},"end":{"line":154,"column":86}}]},"32":{"loc":{"start":{"line":160,"column":16},"end":{"line":160,"column":78}},"type":"cond-expr","locations":[{"start":{"line":160,"column":35},"end":{"line":160,"column":73}},{"start":{"line":160,"column":76},"end":{"line":160,"column":78}}]},"33":{"loc":{"start":{"line":164,"column":2},"end":{"line":167,"column":3}},"type":"if","locations":[{"start":{"line":164,"column":2},"end":{"line":167,"column":3}}]},"34":{"loc":{"start":{"line":173,"column":17},"end":{"line":173,"column":41}},"type":"binary-expr","locations":[{"start":{"line":173,"column":17},"end":{"line":173,"column":32}},{"start":{"line":173,"column":36},"end":{"line":173,"column":41}}]},"35":{"loc":{"start":{"line":183,"column":2},"end":{"line":186,"column":3}},"type":"if","locations":[{"start":{"line":183,"column":2},"end":{"line":186,"column":3}}]},"36":{"loc":{"start":{"line":183,"column":6},"end":{"line":183,"column":22}},"type":"binary-expr","locations":[{"start":{"line":183,"column":6},"end":{"line":183,"column":9}},{"start":{"line":183,"column":13},"end":{"line":183,"column":22}}]},"37":{"loc":{"start":{"line":188,"column":2},"end":{"line":191,"column":3}},"type":"if","locations":[{"start":{"line":188,"column":2},"end":{"line":191,"column":3}}]},"38":{"loc":{"start":{"line":203,"column":2},"end":{"line":224,"column":3}},"type":"if","locations":[{"start":{"line":203,"column":2},"end":{"line":224,"column":3}},{"start":{"line":218,"column":9},"end":{"line":224,"column":3}}]},"39":{"loc":{"start":{"line":209,"column":6},"end":{"line":211,"column":7}},"type":"if","locations":[{"start":{"line":209,"column":6},"end":{"line":211,"column":7}}]},"40":{"loc":{"start":{"line":209,"column":10},"end":{"line":209,"column":90}},"type":"binary-expr","locations":[{"start":{"line":209,"column":10},"end":{"line":209,"column":34}},{"start":{"line":209,"column":38},"end":{"line":209,"column":64}},{"start":{"line":209,"column":68},"end":{"line":209,"column":90}}]},"41":{"loc":{"start":{"line":235,"column":2},"end":{"line":254,"column":3}},"type":"if","locations":[{"start":{"line":235,"column":2},"end":{"line":254,"column":3}},{"start":{"line":237,"column":9},"end":{"line":254,"column":3}}]},"42":{"loc":{"start":{"line":246,"column":4},"end":{"line":253,"column":5}},"type":"if","locations":[{"start":{"line":246,"column":4},"end":{"line":253,"column":5}},{"start":{"line":251,"column":11},"end":{"line":253,"column":5}}]},"43":{"loc":{"start":{"line":260,"column":2},"end":{"line":274,"column":3}},"type":"if","locations":[{"start":{"line":260,"column":2},"end":{"line":274,"column":3}},{"start":{"line":262,"column":9},"end":{"line":274,"column":3}}]},"44":{"loc":{"start":{"line":281,"column":2},"end":{"line":287,"column":3}},"type":"if","locations":[{"start":{"line":281,"column":2},"end":{"line":287,"column":3}}]},"45":{"loc":{"start":{"line":297,"column":30},"end":{"line":297,"column":49}},"type":"binary-expr","locations":[{"start":{"line":297,"column":30},"end":{"line":297,"column":34}},{"start":{"line":297,"column":38},"end":{"line":297,"column":49}}]},"46":{"loc":{"start":{"line":349,"column":18},"end":{"line":349,"column":80}},"type":"binary-expr","locations":[{"start":{"line":349,"column":18},"end":{"line":349,"column":52}},{"start":{"line":349,"column":56},"end":{"line":349,"column":80}}]},"47":{"loc":{"start":{"line":350,"column":17},"end":{"line":350,"column":54}},"type":"binary-expr","locations":[{"start":{"line":350,"column":17},"end":{"line":350,"column":48}},{"start":{"line":350,"column":52},"end":{"line":350,"column":54}}]},"48":{"loc":{"start":{"line":362,"column":2},"end":{"line":401,"column":3}},"type":"switch","locations":[{"start":{"line":363,"column":4},"end":{"line":363,"column":16}},{"start":{"line":364,"column":4},"end":{"line":366,"column":12}},{"start":{"line":367,"column":4},"end":{"line":367,"column":15}},{"start":{"line":368,"column":4},"end":{"line":370,"column":12}},{"start":{"line":371,"column":4},"end":{"line":371,"column":15}},{"start":{"line":372,"column":4},"end":{"line":374,"column":12}},{"start":{"line":375,"column":4},"end":{"line":375,"column":17}},{"start":{"line":376,"column":4},"end":{"line":378,"column":12}},{"start":{"line":379,"column":4},"end":{"line":381,"column":12}},{"start":{"line":382,"column":4},"end":{"line":384,"column":12}},{"start":{"line":385,"column":4},"end":{"line":387,"column":12}},{"start":{"line":388,"column":4},"end":{"line":388,"column":25}},{"start":{"line":389,"column":4},"end":{"line":391,"column":12}},{"start":{"line":392,"column":4},"end":{"line":392,"column":16}},{"start":{"line":393,"column":4},"end":{"line":393,"column":14}},{"start":{"line":394,"column":4},"end":{"line":396,"column":12}},{"start":{"line":397,"column":4},"end":{"line":400,"column":22}}]}},"s":{"0":0,"1":0,"2":0,"3":0,"4":0,"5":0,"6":0,"7":0,"8":0,"9":0,"10":0,"11":0,"12":0,"13":0,"14":0,"15":0,"16":0,"17":0,"18":0,"19":0,"20":0,"21":0,"22":0,"23":0,"24":0,"25":0,"26":0,"27":0,"28":0,"29":0,"30":0,"31":0,"32":0,"33":0,"34":0,"35":0,"36":0,"37":0,"38":0,"39":0,"40":0,"41":0,"42":0,"43":0,"44":0,"45":0,"46":0,"47":0,"48":0,"49":0,"50":0,"51":0,"52":0,"53":0,"54":0,"55":0,"56":0,"57":0,"58":0,"59":0,"60":0,"61":0,"62":0,"63":0,"64":0,"65":0,"66":0,"67":0,"68":0,"69":0,"70":0,"71":0,"72":0,"73":0,"74":0,"75":0,"76":0,"77":0,"78":0,"79":0,"80":0,"81":0,"82":0,"83":0,"84":0,"85":0,"86":0,"87":0,"88":0,"89":0,"90":0,"91":0,"92":0,"93":0,"94":0,"95":0,"96":0,"97":0,"98":0,"99":0,"100":0,"101":0,"102":0,"103":0,"104":0,"105":0,"106":0,"107":0,"108":0,"109":0,"110":0,"111":0,"112":0,"113":0,"114":0,"115":0,"116":0,"117":0,"118":0,"119":0,"120":0,"121":0,"122":0,"123":0,"124":0,"125":0,"126":0,"127":0,"128":0,"129":0,"130":0,"131":0,"132":0,"133":0,"134":0,"135":0,"136":0,"137":0,"138":0,"139":0,"140":0,"141":0,"142":0,"143":0,"144":0,"145":0,"146":0,"147":0,"148":0,"149":0,"150":0,"151":0,"152":0,"153":0,"154":0,"155":0,"156":0,"157":0,"158":0,"159":0,"160":0,"161":0,"162":0,"163":0,"164":0,"165":0,"166":0,"167":0,"168":0,"169":0,"170":0,"171":0,"172":0,"173":0,"174":0,"175":0,"176":0,"177":0,"178":0,"179":0,"180":0,"181":0,"182":0,"183":0,"184":0,"185":0,"186":0,"187":0,"188":0,"189":0,"190":0,"191":0,"192":0,"193":0,"194":0,"195":0,"196":0,"197":0,"198":0,"199":0,"200":0,"201":0,"202":0,"203":0,"204":0,"205":0,"206":0,"207":0,"208":0,"209":0,"210":0,"211":0,"212":0,"213":0,"214":0,"215":0,"216":0,"217":0,"218":0,"219":0,"220":0},"f":{"0":0,"1":0,"2":0,"3":0,"4":0,"5":0,"6":0,"7":0,"8":0,"9":0,"10":0,"11":0,"12":0,"13":0,"14":0,"15":0,"16":0,"17":0,"18":0,"19":0},"b":{"0":[0,0],"1":[0],"2":[0],"3":[0,0],"4":[0],"5":[0,0],"6":[0,0],"7":[0],"8":[0,0],"9":[0,0],"10":[0],"11":[0,0,0,0],"12":[0,0],"13":[0,0],"14":[0,0],"15":[0,0],"16":[0,0],"17":[0,0],"18":[0,0],"19":[0],"20":[0],"21":[0],"22":[0],"23":[0],"24":[0],"25":[0],"26":[0],"27":[0],"28":[0],"29":[0,0],"30":[0,0],"31":[0,0],"32":[0,0],"33":[0],"34":[0,0],"35":[0],"36":[0,0],"37":[0],"38":[0,0],"39":[0],"40":[0,0,0],"41":[0,0],"42":[0,0],"43":[0,0],"44":[0],"45":[0,0],"46":[0,0],"47":[0,0],"48":[0,0,0,0,0,0,0,0,0,0,0,0,0,0,0,0,0]}}
,"/Users/haydenparkinson/Projects/determinant/packages/client/src/run.ts": {"path":"/Users/haydenparkinson/Projects/determinant/packages/client/src/run.ts","statementMap":{"0":{"start":{"line":15,"column":18},"end":{"line":15,"column":35}},"1":{"start":{"line":16,"column":15},"end":{"line":16,"column":28}},"2":{"start":{"line":17,"column":50},"end":{"line":17,"column":52}},"3":{"start":{"line":19,"column":19},"end":{"line":26,"column":4}},"4":{"start":{"line":20,"column":4},"end":{"line":24,"column":5}},"5":{"start":{"line":21,"column":27},"end":{"line":21,"column":50}},"6":{"start":{"line":22,"column":6},"end":{"line":22,"column":33}},"7":{"start":{"line":23,"column":6},"end":{"line":23,"column":19}},"8":{"start":{"line":25,"column":4},"end":{"line":25,"column":16}},"9":{"start":{"line":28,"column":2},"end":{"line":28,"column":44}},"10":{"start":{"line":38,"column":2},"end":{"line":40,"column":3}},"11":{"start":{"line":39,"column":4},"end":{"line":39,"column":25}},"12":{"start":{"line":43,"column":2},"end":{"line":45,"column":3}},"13":{"start":{"line":44,"column":4},"end":{"line":44,"column":22}},"14":{"start":{"line":48,"column":2},"end":{"line":48,"column":44}},"15":{"start":{"line":52,"column":20},"end":{"line":52,"column":30}},"16":{"start":{"line":53,"column":14},"end":{"line":53,"column":31}},"17":{"start":{"line":54,"column":18},"end":{"line":54,"column":19}},"18":{"start":{"line":55,"column":15},"end":{"line":55,"column":16}},"19":{"start":{"line":58,"column":24},"end":{"line":60,"column":4}},"20":{"start":{"line":62,"column":2},"end":{"line":62,"column":59}},"21":{"start":{"line":63,"column":2},"end":{"line":63,"column":44}},"22":{"start":{"line":65,"column":2},"end":{"line":114,"column":3}},"23":{"start":{"line":67,"column":22},"end":{"line":67,"column":46}},"24":{"start":{"line":69,"column":4},"end":{"line":73,"column":5}},"25":{"start":{"line":71,"column":6},"end":{"line":71,"column":45}},"26":{"start":{"line":72,"column":6},"end":{"line":72,"column":12}},"27":{"start":{"line":75,"column":17},"end":{"line":75,"column":25}},"28":{"start":{"line":77,"column":4},"end":{"line":113,"column":5}},"29":{"start":{"line":79,"column":25},"end":{"line":79,"column":64}},"30":{"start":{"line":82,"column":19},"end":{"line":82,"column":71}},"31":{"start":{"line":85,"column":21},"end":{"line":85,"column":41}},"32":{"start":{"line":89,"column":6},"end":{"line":94,"column":9}},"33":{"start":{"line":97,"column":26},"end":{"line":99,"column":24}},"34":{"start":{"line":100,"column":6},"end":{"line":100,"column":86}},"35":{"start":{"line":103,"column":6},"end":{"line":103,"column":85}},"36":{"start":{"line":105,"column":6},"end":{"line":105,"column":18}},"37":{"start":{"line":108,"column":18},"end":{"line":108,"column":32}},"38":{"start":{"line":109,"column":6},"end":{"line":109,"column":101}},"39":{"start":{"line":110,"column":6},"end":{"line":110,"column":96}},"40":{"start":{"line":111,"column":6},"end":{"line":111,"column":15}},"41":{"start":{"line":117,"column":18},"end":{"line":117,"column":61}},"42":{"start":{"line":118,"column":2},"end":{"line":118,"column":86}},"43":{"start":{"line":121,"column":2},"end":{"line":121,"column":54}},"44":{"start":{"line":125,"column":2},"end":{"line":142,"column":3}},"45":{"start":{"line":146,"column":15},"end":{"line":146,"column":47}},"46":{"start":{"line":148,"column":18},"end":{"line":148,"column":80}},"47":{"start":{"line":149,"column":17},"end":{"line":149,"column":54}},"48":{"start":{"line":151,"column":17},"end":{"line":151,"column":59}},"49":{"start":{"line":153,"column":2},"end":{"line":159,"column":3}},"50":{"start":{"line":154,"column":4},"end":{"line":154,"column":26}},"51":{"start":{"line":156,"column":4},"end":{"line":156,"column":67}},"52":{"start":{"line":157,"column":4},"end":{"line":157,"column":84}},"53":{"start":{"line":158,"column":4},"end":{"line":158,"column":20}},"54":{"start":{"line":161,"column":2},"end":{"line":178,"column":3}},"55":{"start":{"line":165,"column":20},"end":{"line":165,"column":82}},"56":{"start":{"line":166,"column":8},"end":{"line":166,"column":35}},"57":{"start":{"line":168,"column":6},"end":{"line":168,"column":12}},"58":{"start":{"line":172,"column":6},"end":{"line":172,"column":22}},"59":{"start":{"line":173,"column":6},"end":{"line":173,"column":12}},"60":{"start":{"line":175,"column":6},"end":{"line":175,"column":54}},"61":{"start":{"line":176,"column":6},"end":{"line":176,"column":50}},"62":{"start":{"line":177,"column":6},"end":{"line":177,"column":22}},"63":{"start":{"line":181,"column":0},"end":{"line":184,"column":3}},"64":{"start":{"line":182,"column":2},"end":{"line":182,"column":31}},"65":{"start":{"line":183,"column":2},"end":{"line":183,"column":18}}},"fnMap":{"0":{"name":"parseArgs","decl":{"start":{"line":14,"column":9},"end":{"line":14,"column":18}},"loc":{"start":{"line":14,"column":33},"end":{"line":29,"column":1}}},"1":{"name":"(anonymous_1)","decl":{"start":{"line":19,"column":31},"end":{"line":19,"column":32}},"loc":{"start":{"line":19,"column":39},"end":{"line":26,"column":3}}},"2":{"name":"resolveWorkingDir","decl":{"start":{"line":37,"column":9},"end":{"line":37,"column":26}},"loc":{"start":{"line":37,"column":64},"end":{"line":49,"column":1}}},"3":{"name":"cmdWork","decl":{"start":{"line":51,"column":15},"end":{"line":51,"column":22}},"loc":{"start":{"line":51,"column":75},"end":{"line":122,"column":1}}},"4":{"name":"cmdHelp","decl":{"start":{"line":124,"column":15},"end":{"line":124,"column":22}},"loc":{"start":{"line":124,"column":22},"end":{"line":143,"column":1}}},"5":{"name":"main","decl":{"start":{"line":145,"column":15},"end":{"line":145,"column":19}},"loc":{"start":{"line":145,"column":19},"end":{"line":179,"column":1}}},"6":{"name":"(anonymous_6)","decl":{"start":{"line":181,"column":13},"end":{"line":181,"column":14}},"loc":{"start":{"line":181,"column":21},"end":{"line":184,"column":1}}}},"branchMap":{"0":{"loc":{"start":{"line":15,"column":18},"end":{"line":15,"column":35}},"type":"binary-expr","locations":[{"start":{"line":15,"column":18},"end":{"line":15,"column":25}},{"start":{"line":15,"column":29},"end":{"line":15,"column":35}}]},"1":{"loc":{"start":{"line":20,"column":4},"end":{"line":24,"column":5}},"type":"if","locations":[{"start":{"line":20,"column":4},"end":{"line":24,"column":5}}]},"2":{"loc":{"start":{"line":22,"column":19},"end":{"line":22,"column":32}},"type":"binary-expr","locations":[{"start":{"line":22,"column":19},"end":{"line":22,"column":24}},{"start":{"line":22,"column":28},"end":{"line":22,"column":32}}]},"3":{"loc":{"start":{"line":38,"column":2},"end":{"line":40,"column":3}},"type":"if","locations":[{"start":{"line":38,"column":2},"end":{"line":40,"column":3}}]},"4":{"loc":{"start":{"line":43,"column":2},"end":{"line":45,"column":3}},"type":"if","locations":[{"start":{"line":43,"column":2},"end":{"line":45,"column":3}}]},"5":{"loc":{"start":{"line":51,"column":50},"end":{"line":51,"column":75}},"type":"default-arg","locations":[{"start":{"line":51,"column":71},"end":{"line":51,"column":75}}]},"6":{"loc":{"start":{"line":69,"column":4},"end":{"line":73,"column":5}},"type":"if","locations":[{"start":{"line":69,"column":4},"end":{"line":73,"column":5}}]},"7":{"loc":{"start":{"line":97,"column":26},"end":{"line":99,"column":24}},"type":"cond-expr","locations":[{"start":{"line":98,"column":10},"end":{"line":98,"column":45}},{"start":{"line":99,"column":10},"end":{"line":99,"column":24}}]},"8":{"loc":{"start":{"line":148,"column":18},"end":{"line":148,"column":80}},"type":"binary-expr","locations":[{"start":{"line":148,"column":18},"end":{"line":148,"column":52}},{"start":{"line":148,"column":56},"end":{"line":148,"column":80}}]},"9":{"loc":{"start":{"line":149,"column":17},"end":{"line":149,"column":54}},"type":"binary-expr","locations":[{"start":{"line":149,"column":17},"end":{"line":149,"column":48}},{"start":{"line":149,"column":52},"end":{"line":149,"column":54}}]},"10":{"loc":{"start":{"line":161,"column":2},"end":{"line":178,"column":3}},"type":"switch","locations":[{"start":{"line":162,"column":4},"end":{"line":162,"column":16}},{"start":{"line":163,"column":4},"end":{"line":168,"column":12}},{"start":{"line":169,"column":4},"end":{"line":169,"column":16}},{"start":{"line":170,"column":4},"end":{"line":170,"column":14}},{"start":{"line":171,"column":4},"end":{"line":173,"column":12}},{"start":{"line":174,"column":4},"end":{"line":177,"column":22}}]},"11":{"loc":{"start":{"line":165,"column":20},"end":{"line":165,"column":82}},"type":"cond-expr","locations":[{"start":{"line":165,"column":37},"end":{"line":165,"column":75}},{"start":{"line":165,"column":78},"end":{"line":165,"column":82}}]}},"s":{"0":0,"1":0,"2":0,"3":0,"4":0,"5":0,"6":0,"7":0,"8":0,"9":0,"10":0,"11":0,"12":0,"13":0,"14":0,"15":0,"16":0,"17":0,"18":0,"19":0,"20":0,"21":0,"22":0,"23":0,"24":0,"25":0,"26":0,"27":0,"28":0,"29":0,"30":0,"31":0,"32":0,"33":0,"34":0,"35":0,"36":0,"37":0,"38":0,"39":0,"40":0,"41":0,"42":0,"43":0,"44":0,"45":0,"46":0,"47":0,"48":0,"49":0,"50":0,"51":0,"52":0,"53":0,"54":0,"55":0,"56":0,"57":0,"58":0,"59":0,"60":0,"61":0,"62":0,"63":0,"64":0,"65":0},"f":{"0":0,"1":0,"2":0,"3":0,"4":0,"5":0,"6":0},"b":{"0":[0,0],"1":[0],"2":[0,0],"3":[0],"4":[0],"5":[0],"6":[0],"7":[0,0],"8":[0,0],"9":[0,0],"10":[0,0,0,0,0,0],"11":[0,0]}}
,"/Users/haydenparkinson/Projects/determinant/packages/client/src/client/index.ts": {"path":"/Users/haydenparkinson/Projects/determinant/packages/client/src/client/index.ts","statementMap":{"0":{"start":{"line":3,"column":25},"end":{"line":3,"column":87}},"1":{"start":{"line":10,"column":4},"end":{"line":10,"column":56}},"2":{"start":{"line":11,"column":4},"end":{"line":11,"column":75}},"3":{"start":{"line":15,"column":16},"end":{"line":15,"column":40}},"4":{"start":{"line":16,"column":44},"end":{"line":19,"column":6}},"5":{"start":{"line":21,"column":4},"end":{"line":23,"column":5}},"6":{"start":{"line":22,"column":6},"end":{"line":22,"column":41}},"7":{"start":{"line":25,"column":21},"end":{"line":28,"column":6}},"8":{"start":{"line":30,"column":4},"end":{"line":33,"column":5}},"9":{"start":{"line":31,"column":20},"end":{"line":31,"column":83}},"10":{"start":{"line":31,"column":55},"end":{"line":31,"column":81}},"11":{"start":{"line":32,"column":6},"end":{"line":32,"column":64}},"12":{"start":{"line":35,"column":4},"end":{"line":37,"column":5}},"13":{"start":{"line":36,"column":6},"end":{"line":36,"column":28}},"14":{"start":{"line":39,"column":4},"end":{"line":39,"column":27}},"15":{"start":{"line":43,"column":4},"end":{"line":43,"column":39}},"16":{"start":{"line":47,"column":18},"end":{"line":47,"column":48}},"17":{"start":{"line":48,"column":4},"end":{"line":48,"column":46}},"18":{"start":{"line":52,"column":4},"end":{"line":55,"column":7}},"19":{"start":{"line":59,"column":4},"end":{"line":59,"column":44}},"20":{"start":{"line":63,"column":4},"end":{"line":66,"column":7}},"21":{"start":{"line":70,"column":4},"end":{"line":73,"column":7}},"22":{"start":{"line":77,"column":4},"end":{"line":80,"column":7}},"23":{"start":{"line":84,"column":4},"end":{"line":84,"column":44}},"24":{"start":{"line":91,"column":21},"end":{"line":94,"column":6}},"25":{"start":{"line":95,"column":4},"end":{"line":95,"column":25}},"26":{"start":{"line":102,"column":21},"end":{"line":104,"column":6}},"27":{"start":{"line":105,"column":4},"end":{"line":105,"column":25}},"28":{"start":{"line":112,"column":21},"end":{"line":115,"column":6}},"29":{"start":{"line":116,"column":4},"end":{"line":116,"column":25}},"30":{"start":{"line":123,"column":21},"end":{"line":125,"column":6}},"31":{"start":{"line":126,"column":4},"end":{"line":126,"column":25}},"32":{"start":{"line":146,"column":4},"end":{"line":149,"column":7}},"33":{"start":{"line":153,"column":4},"end":{"line":153,"column":53}},"34":{"start":{"line":157,"column":4},"end":{"line":157,"column":44}},"35":{"start":{"line":161,"column":4},"end":{"line":164,"column":7}},"36":{"start":{"line":169,"column":4},"end":{"line":169,"column":55}},"37":{"start":{"line":173,"column":4},"end":{"line":173,"column":59}},"38":{"start":{"line":177,"column":4},"end":{"line":180,"column":7}}},"fnMap":{"0":{"name":"(anonymous_0)","decl":{"start":{"line":9,"column":2},"end":{"line":9,"column":14}},"loc":{"start":{"line":9,"column":61},"end":{"line":12,"column":3}}},"1":{"name":"(anonymous_1)","decl":{"start":{"line":14,"column":10},"end":{"line":14,"column":15}},"loc":{"start":{"line":14,"column":66},"end":{"line":40,"column":3}}},"2":{"name":"(anonymous_2)","decl":{"start":{"line":31,"column":48},"end":{"line":31,"column":51}},"loc":{"start":{"line":31,"column":55},"end":{"line":31,"column":81}}},"3":{"name":"(anonymous_3)","decl":{"start":{"line":42,"column":2},"end":{"line":42,"column":7}},"loc":{"start":{"line":42,"column":14},"end":{"line":44,"column":3}}},"4":{"name":"(anonymous_4)","decl":{"start":{"line":46,"column":2},"end":{"line":46,"column":7}},"loc":{"start":{"line":46,"column":35},"end":{"line":49,"column":3}}},"5":{"name":"(anonymous_5)","decl":{"start":{"line":51,"column":2},"end":{"line":51,"column":7}},"loc":{"start":{"line":51,"column":41},"end":{"line":56,"column":3}}},"6":{"name":"(anonymous_6)","decl":{"start":{"line":58,"column":2},"end":{"line":58,"column":7}},"loc":{"start":{"line":58,"column":26},"end":{"line":60,"column":3}}},"7":{"name":"(anonymous_7)","decl":{"start":{"line":62,"column":2},"end":{"line":62,"column":7}},"loc":{"start":{"line":62,"column":63},"end":{"line":67,"column":3}}},"8":{"name":"(anonymous_8)","decl":{"start":{"line":69,"column":2},"end":{"line":69,"column":7}},"loc":{"start":{"line":69,"column":69},"end":{"line":74,"column":3}}},"9":{"name":"(anonymous_9)","decl":{"start":{"line":76,"column":2},"end":{"line":76,"column":7}},"loc":{"start":{"line":76,"column":68},"end":{"line":81,"column":3}}},"10":{"name":"(anonymous_10)","decl":{"start":{"line":83,"column":2},"end":{"line":83,"column":7}},"loc":{"start":{"line":83,"column":38},"end":{"line":85,"column":3}}},"11":{"name":"(anonymous_11)","decl":{"start":{"line":90,"column":2},"end":{"line":90,"column":7}},"loc":{"start":{"line":90,"column":59},"end":{"line":96,"column":3}}},"12":{"name":"(anonymous_12)","decl":{"start":{"line":101,"column":2},"end":{"line":101,"column":7}},"loc":{"start":{"line":101,"column":30},"end":{"line":106,"column":3}}},"13":{"name":"(anonymous_13)","decl":{"start":{"line":111,"column":2},"end":{"line":111,"column":7}},"loc":{"start":{"line":111,"column":57},"end":{"line":117,"column":3}}},"14":{"name":"(anonymous_14)","decl":{"start":{"line":122,"column":2},"end":{"line":122,"column":7}},"loc":{"start":{"line":122,"column":40},"end":{"line":127,"column":3}}},"15":{"name":"(anonymous_15)","decl":{"start":{"line":137,"column":2},"end":{"line":137,"column":7}},"loc":{"start":{"line":144,"column":5},"end":{"line":150,"column":3}}},"16":{"name":"(anonymous_16)","decl":{"start":{"line":152,"column":2},"end":{"line":152,"column":7}},"loc":{"start":{"line":152,"column":35},"end":{"line":154,"column":3}}},"17":{"name":"(anonymous_17)","decl":{"start":{"line":156,"column":2},"end":{"line":156,"column":7}},"loc":{"start":{"line":156,"column":21},"end":{"line":158,"column":3}}},"18":{"name":"(anonymous_18)","decl":{"start":{"line":160,"column":2},"end":{"line":160,"column":7}},"loc":{"start":{"line":160,"column":52},"end":{"line":165,"column":3}}},"19":{"name":"(anonymous_19)","decl":{"start":{"line":168,"column":2},"end":{"line":168,"column":7}},"loc":{"start":{"line":168,"column":27},"end":{"line":170,"column":3}}},"20":{"name":"(anonymous_20)","decl":{"start":{"line":172,"column":2},"end":{"line":172,"column":7}},"loc":{"start":{"line":172,"column":31},"end":{"line":174,"column":3}}},"21":{"name":"(anonymous_21)","decl":{"start":{"line":176,"column":2},"end":{"line":176,"column":7}},"loc":{"start":{"line":176,"column":42},"end":{"line":181,"column":3}}}},"branchMap":{"0":{"loc":{"start":{"line":3,"column":25},"end":{"line":3,"column":87}},"type":"binary-expr","locations":[{"start":{"line":3,"column":25},"end":{"line":3,"column":59}},{"start":{"line":3,"column":63},"end":{"line":3,"column":87}}]},"1":{"loc":{"start":{"line":10,"column":19},"end":{"line":10,"column":55}},"type":"binary-expr","locations":[{"start":{"line":10,"column":19},"end":{"line":10,"column":35}},{"start":{"line":10,"column":39},"end":{"line":10,"column":55}}]},"2":{"loc":{"start":{"line":11,"column":18},"end":{"line":11,"column":74}},"type":"binary-expr","locations":[{"start":{"line":11,"column":18},"end":{"line":11,"column":33}},{"start":{"line":11,"column":37},"end":{"line":11,"column":68}},{"start":{"line":11,"column":72},"end":{"line":11,"column":74}}]},"3":{"loc":{"start":{"line":14,"column":41},"end":{"line":14,"column":66}},"type":"default-arg","locations":[{"start":{"line":14,"column":64},"end":{"line":14,"column":66}}]},"4":{"loc":{"start":{"line":21,"column":4},"end":{"line":23,"column":5}},"type":"if","locations":[{"start":{"line":21,"column":4},"end":{"line":23,"column":5}}]},"5":{"loc":{"start":{"line":30,"column":4},"end":{"line":33,"column":5}},"type":"if","locations":[{"start":{"line":30,"column":4},"end":{"line":33,"column":5}}]},"6":{"loc":{"start":{"line":32,"column":22},"end":{"line":32,"column":62}},"type":"binary-expr","locations":[{"start":{"line":32,"column":22},"end":{"line":32,"column":33}},{"start":{"line":32,"column":37},"end":{"line":32,"column":62}}]},"7":{"loc":{"start":{"line":35,"column":4},"end":{"line":37,"column":5}},"type":"if","locations":[{"start":{"line":35,"column":4},"end":{"line":37,"column":5}}]},"8":{"loc":{"start":{"line":47,"column":18},"end":{"line":47,"column":48}},"type":"cond-expr","locations":[{"start":{"line":47,"column":26},"end":{"line":47,"column":43}},{"start":{"line":47,"column":46},"end":{"line":47,"column":48}}]},"9":{"loc":{"start":{"line":152,"column":17},"end":{"line":152,"column":35}},"type":"default-arg","locations":[{"start":{"line":152,"column":33},"end":{"line":152,"column":35}}]}},"s":{"0":0,"1":0,"2":0,"3":0,"4":0,"5":0,"6":0,"7":0,"8":0,"9":0,"10":0,"11":0,"12":0,"13":0,"14":0,"15":0,"16":0,"17":0,"18":0,"19":0,"20":0,"21":0,"22":0,"23":0,"24":0,"25":0,"26":0,"27":0,"28":0,"29":0,"30":0,"31":0,"32":0,"33":0,"34":0,"35":0,"36":0,"37":0,"38":0},"f":{"0":0,"1":0,"2":0,"3":0,"4":0,"5":0,"6":0,"7":0,"8":0,"9":0,"10":0,"11":0,"12":0,"13":0,"14":0,"15":0,"16":0,"17":0,"18":0,"19":0,"20":0,"21":0},"b":{"0":[0,0],"1":[0,0],"2":[0,0,0],"3":[0],"4":[0],"5":[0],"6":[0,0],"7":[0],"8":[0,0],"9":[0]}}
,"/Users/haydenparkinson/Projects/determinant/packages/client/src/examples/node-workflow.ts": {"path":"/Users/haydenparkinson/Projects/determinant/packages/client/src/examples/node-workflow.ts","statementMap":{"0":{"start":{"line":15,"column":17},"end":{"line":18,"column":4}},"1":{"start":{"line":21,"column":17},"end":{"line":21,"column":35}},"2":{"start":{"line":23,"column":2},"end":{"line":23,"column":49}},"3":{"start":{"line":25,"column":2},"end":{"line":90,"column":3}},"4":{"start":{"line":27,"column":4},"end":{"line":27,"column":46}},"5":{"start":{"line":28,"column":28},"end":{"line":28,"column":56}},"6":{"start":{"line":30,"column":4},"end":{"line":30,"column":38}},"7":{"start":{"line":31,"column":4},"end":{"line":31,"column":40}},"8":{"start":{"line":32,"column":4},"end":{"line":32,"column":44}},"9":{"start":{"line":35,"column":4},"end":{"line":38,"column":5}},"10":{"start":{"line":36,"column":6},"end":{"line":36,"column":65}},"11":{"start":{"line":37,"column":6},"end":{"line":37,"column":13}},"12":{"start":{"line":41,"column":27},"end":{"line":41,"column":50}},"13":{"start":{"line":42,"column":4},"end":{"line":42,"column":64}},"14":{"start":{"line":43,"column":4},"end":{"line":43,"column":51}},"15":{"start":{"line":46,"column":23},"end":{"line":46,"column":64}},"16":{"start":{"line":47,"column":4},"end":{"line":47,"column":69}},"17":{"start":{"line":50,"column":4},"end":{"line":53,"column":5}},"18":{"start":{"line":51,"column":6},"end":{"line":51,"column":69}},"19":{"start":{"line":52,"column":6},"end":{"line":52,"column":13}},"20":{"start":{"line":56,"column":4},"end":{"line":56,"column":58}},"21":{"start":{"line":57,"column":4},"end":{"line":57,"column":30}},"22":{"start":{"line":58,"column":4},"end":{"line":58,"column":73}},"23":{"start":{"line":59,"column":4},"end":{"line":59,"column":73}},"24":{"start":{"line":60,"column":4},"end":{"line":60,"column":63}},"25":{"start":{"line":62,"column":19},"end":{"line":62,"column":45}},"26":{"start":{"line":64,"column":4},"end":{"line":64,"column":42}},"27":{"start":{"line":65,"column":4},"end":{"line":65,"column":63}},"28":{"start":{"line":66,"column":4},"end":{"line":66,"column":65}},"29":{"start":{"line":67,"column":4},"end":{"line":67,"column":57}},"30":{"start":{"line":68,"column":4},"end":{"line":68,"column":108}},"31":{"start":{"line":71,"column":4},"end":{"line":71,"column":52}},"32":{"start":{"line":72,"column":4},"end":{"line":72,"column":34}},"33":{"start":{"line":73,"column":4},"end":{"line":73,"column":72}},"34":{"start":{"line":76,"column":4},"end":{"line":83,"column":5}},"35":{"start":{"line":77,"column":6},"end":{"line":77,"column":59}},"36":{"start":{"line":78,"column":6},"end":{"line":78,"column":52}},"37":{"start":{"line":79,"column":6},"end":{"line":79,"column":76}},"38":{"start":{"line":80,"column":6},"end":{"line":80,"column":60}},"39":{"start":{"line":82,"column":6},"end":{"line":82,"column":71}},"40":{"start":{"line":85,"column":4},"end":{"line":85,"column":45}},"41":{"start":{"line":88,"column":4},"end":{"line":88,"column":47}},"42":{"start":{"line":89,"column":4},"end":{"line":89,"column":16}},"43":{"start":{"line":97,"column":17},"end":{"line":100,"column":4}},"44":{"start":{"line":103,"column":20},"end":{"line":103,"column":52}},"45":{"start":{"line":104,"column":25},"end":{"line":104,"column":48}},"46":{"start":{"line":107,"column":15},"end":{"line":107,"column":56}},"47":{"start":{"line":110,"column":17},"end":{"line":110,"column":37}},"48":{"start":{"line":111,"column":2},"end":{"line":111,"column":32}},"49":{"start":{"line":113,"column":2},"end":{"line":113,"column":82}},"50":{"start":{"line":117,"column":0},"end":{"line":119,"column":1}},"51":{"start":{"line":118,"column":2},"end":{"line":118,"column":41}}},"fnMap":{"0":{"name":"exampleWorkflow","decl":{"start":{"line":13,"column":15},"end":{"line":13,"column":30}},"loc":{"start":{"line":13,"column":30},"end":{"line":91,"column":1}}},"1":{"name":"simpleExample","decl":{"start":{"line":96,"column":15},"end":{"line":96,"column":28}},"loc":{"start":{"line":96,"column":28},"end":{"line":114,"column":1}}}},"branchMap":{"0":{"loc":{"start":{"line":35,"column":4},"end":{"line":38,"column":5}},"type":"if","locations":[{"start":{"line":35,"column":4},"end":{"line":38,"column":5}}]},"1":{"loc":{"start":{"line":50,"column":4},"end":{"line":53,"column":5}},"type":"if","locations":[{"start":{"line":50,"column":4},"end":{"line":53,"column":5}}]},"2":{"loc":{"start":{"line":76,"column":4},"end":{"line":83,"column":5}},"type":"if","locations":[{"start":{"line":76,"column":4},"end":{"line":83,"column":5}},{"start":{"line":81,"column":11},"end":{"line":83,"column":5}}]},"3":{"loc":{"start":{"line":117,"column":0},"end":{"line":119,"column":1}},"type":"if","locations":[{"start":{"line":117,"column":0},"end":{"line":119,"column":1}}]}},"s":{"0":0,"1":0,"2":0,"3":0,"4":0,"5":0,"6":0,"7":0,"8":0,"9":0,"10":0,"11":0,"12":0,"13":0,"14":0,"15":0,"16":0,"17":0,"18":0,"19":0,"20":0,"21":0,"22":0,"23":0,"24":0,"25":0,"26":0,"27":0,"28":0,"29":0,"30":0,"31":0,"32":0,"33":0,"34":0,"35":0,"36":0,"37":0,"38":0,"39":0,"40":0,"41":0,"42":0,"43":0,"44":0,"45":0,"46":0,"47":0,"48":0,"49":0,"50":0,"51":0},"f":{"0":0,"1":0},"b":{"0":[0],"1":[0],"2":[0,0],"3":[0]}}
,"/Users/haydenparkinson/Projects/determinant/packages/client/src/node/ImplementNode.ts": {"path":"/Users/haydenparkinson/Projects/determinant/packages/client/src/node/ImplementNode.ts","statementMap":{"0":{"start":{"line":15,"column":4},"end":{"line":18,"column":5}},"1":{"start":{"line":16,"column":6},"end":{"line":16,"column":64}},"2":{"start":{"line":17,"column":6},"end":{"line":17,"column":57}},"3":{"start":{"line":20,"column":4},"end":{"line":20,"column":35}},"4":{"start":{"line":22,"column":25},"end":{"line":22,"column":52}},"5":{"start":{"line":24,"column":19},"end":{"line":54,"column":12}},"6":{"start":{"line":56,"column":19},"end":{"line":56,"column":53}},"7":{"start":{"line":59,"column":4},"end":{"line":63,"column":5}},"8":{"start":{"line":60,"column":6},"end":{"line":62,"column":8}},"9":{"start":{"line":65,"column":21},"end":{"line":65,"column":61}},"10":{"start":{"line":66,"column":22},"end":{"line":66,"column":107}},"11":{"start":{"line":67,"column":22},"end":{"line":67,"column":76}},"12":{"start":{"line":69,"column":4},"end":{"line":71,"column":5}},"13":{"start":{"line":70,"column":6},"end":{"line":70,"column":68}},"14":{"start":{"line":73,"column":4},"end":{"line":73,"column":56}}},"fnMap":{"0":{"name":"(anonymous_0)","decl":{"start":{"line":14,"column":2},"end":{"line":14,"column":7}},"loc":{"start":{"line":14,"column":15},"end":{"line":74,"column":3}}}},"branchMap":{"0":{"loc":{"start":{"line":15,"column":4},"end":{"line":18,"column":5}},"type":"if","locations":[{"start":{"line":15,"column":4},"end":{"line":18,"column":5}}]},"1":{"loc":{"start":{"line":59,"column":4},"end":{"line":63,"column":5}},"type":"if","locations":[{"start":{"line":59,"column":4},"end":{"line":63,"column":5}}]},"2":{"loc":{"start":{"line":69,"column":4},"end":{"line":71,"column":5}},"type":"if","locations":[{"start":{"line":69,"column":4},"end":{"line":71,"column":5}}]}},"s":{"0":0,"1":0,"2":0,"3":0,"4":0,"5":0,"6":0,"7":0,"8":0,"9":0,"10":0,"11":0,"12":0,"13":0,"14":0},"f":{"0":0},"b":{"0":[0],"1":[0],"2":[0]}}
,"/Users/haydenparkinson/Projects/determinant/packages/client/src/node/Node.ts": {"path":"/Users/haydenparkinson/Projects/determinant/packages/client/src/node/Node.ts","statementMap":{"0":{"start":{"line":45,"column":4},"end":{"line":45,"column":22}},"1":{"start":{"line":46,"column":4},"end":{"line":46,"column":30}},"2":{"start":{"line":47,"column":4},"end":{"line":47,"column":42}},"3":{"start":{"line":48,"column":4},"end":{"line":48,"column":36}},"4":{"start":{"line":49,"column":4},"end":{"line":49,"column":32}},"5":{"start":{"line":50,"column":4},"end":{"line":50,"column":32}},"6":{"start":{"line":51,"column":4},"end":{"line":51,"column":50}},"7":{"start":{"line":52,"column":4},"end":{"line":52,"column":48}},"8":{"start":{"line":54,"column":4},"end":{"line":54,"column":96}},"9":{"start":{"line":55,"column":4},"end":{"line":55,"column":132}},"10":{"start":{"line":56,"column":4},"end":{"line":56,"column":25}},"11":{"start":{"line":57,"column":4},"end":{"line":63,"column":6}},"12":{"start":{"line":72,"column":4},"end":{"line":102,"column":5}},"13":{"start":{"line":74,"column":33},"end":{"line":74,"column":66}},"14":{"start":{"line":75,"column":8},"end":{"line":75,"column":54}},"15":{"start":{"line":78,"column":34},"end":{"line":78,"column":68}},"16":{"start":{"line":79,"column":8},"end":{"line":79,"column":55}},"17":{"start":{"line":82,"column":33},"end":{"line":82,"column":66}},"18":{"start":{"line":83,"column":8},"end":{"line":83,"column":54}},"19":{"start":{"line":86,"column":29},"end":{"line":86,"column":58}},"20":{"start":{"line":87,"column":8},"end":{"line":87,"column":50}},"21":{"start":{"line":90,"column":34},"end":{"line":90,"column":68}},"22":{"start":{"line":91,"column":8},"end":{"line":91,"column":55}},"23":{"start":{"line":94,"column":33},"end":{"line":94,"column":66}},"24":{"start":{"line":95,"column":8},"end":{"line":95,"column":54}},"25":{"start":{"line":98,"column":33},"end":{"line":98,"column":66}},"26":{"start":{"line":99,"column":8},"end":{"line":99,"column":54}},"27":{"start":{"line":101,"column":15},"end":{"line":101,"column":69}},"28":{"start":{"line":115,"column":21},"end":{"line":115,"column":93}},"29":{"start":{"line":117,"column":4},"end":{"line":141,"column":5}},"30":{"start":{"line":119,"column":22},"end":{"line":123,"column":8}},"31":{"start":{"line":124,"column":6},"end":{"line":124,"column":37}},"32":{"start":{"line":125,"column":6},"end":{"line":125,"column":55}},"33":{"start":{"line":126,"column":6},"end":{"line":126,"column":53}},"34":{"start":{"line":129,"column":22},"end":{"line":138,"column":8}},"35":{"start":{"line":140,"column":6},"end":{"line":140,"column":35}},"36":{"start":{"line":149,"column":73},"end":{"line":149,"column":84}},"37":{"start":{"line":151,"column":4},"end":{"line":155,"column":5}},"38":{"start":{"line":152,"column":6},"end":{"line":152,"column":71}},"39":{"start":{"line":153,"column":28},"end":{"line":153,"column":91}},"40":{"start":{"line":154,"column":6},"end":{"line":154,"column":69}},"41":{"start":{"line":157,"column":34},"end":{"line":157,"column":38}},"42":{"start":{"line":159,"column":4},"end":{"line":346,"column":5}},"43":{"start":{"line":159,"column":23},"end":{"line":159,"column":24}},"44":{"start":{"line":160,"column":6},"end":{"line":345,"column":7}},"45":{"start":{"line":162,"column":31},"end":{"line":166,"column":10}},"46":{"start":{"line":168,"column":8},"end":{"line":168,"column":47}},"47":{"start":{"line":168,"column":19},"end":{"line":168,"column":47}},"48":{"start":{"line":169,"column":8},"end":{"line":171,"column":9}},"49":{"start":{"line":170,"column":10},"end":{"line":170,"column":42}},"50":{"start":{"line":172,"column":8},"end":{"line":174,"column":9}},"51":{"start":{"line":173,"column":10},"end":{"line":173,"column":34}},"52":{"start":{"line":175,"column":8},"end":{"line":175,"column":26}},"53":{"start":{"line":177,"column":8},"end":{"line":179,"column":9}},"54":{"start":{"line":178,"column":10},"end":{"line":178,"column":74}},"55":{"start":{"line":182,"column":8},"end":{"line":187,"column":9}},"56":{"start":{"line":183,"column":10},"end":{"line":183,"column":83}},"57":{"start":{"line":186,"column":10},"end":{"line":186,"column":50}},"58":{"start":{"line":189,"column":22},"end":{"line":192,"column":10}},"59":{"start":{"line":194,"column":36},"end":{"line":194,"column":38}},"60":{"start":{"line":195,"column":27},"end":{"line":195,"column":29}},"61":{"start":{"line":196,"column":27},"end":{"line":196,"column":29}},"62":{"start":{"line":197,"column":53},"end":{"line":197,"column":57}},"63":{"start":{"line":200,"column":8},"end":{"line":206,"column":9}},"64":{"start":{"line":201,"column":21},"end":{"line":201,"column":22}},"65":{"start":{"line":202,"column":10},"end":{"line":205,"column":18}},"66":{"start":{"line":203,"column":12},"end":{"line":203,"column":34}},"67":{"start":{"line":204,"column":12},"end":{"line":204,"column":76}},"68":{"start":{"line":209,"column":8},"end":{"line":251,"column":11}},"69":{"start":{"line":210,"column":10},"end":{"line":210,"column":43}},"70":{"start":{"line":211,"column":24},"end":{"line":211,"column":48}},"71":{"start":{"line":214,"column":10},"end":{"line":214,"column":43}},"72":{"start":{"line":216,"column":10},"end":{"line":250,"column":11}},"73":{"start":{"line":217,"column":12},"end":{"line":217,"column":39}},"74":{"start":{"line":217,"column":30},"end":{"line":217,"column":39}},"75":{"start":{"line":219,"column":12},"end":{"line":249,"column":13}},"76":{"start":{"line":220,"column":28},"end":{"line":220,"column":44}},"77":{"start":{"line":223,"column":14},"end":{"line":235,"column":15}},"78":{"start":{"line":224,"column":16},"end":{"line":234,"column":17}},"79":{"start":{"line":225,"column":18},"end":{"line":225,"column":53}},"80":{"start":{"line":226,"column":18},"end":{"line":228,"column":21}},"81":{"start":{"line":227,"column":20},"end":{"line":227,"column":49}},"82":{"start":{"line":230,"column":18},"end":{"line":233,"column":19}},"83":{"start":{"line":231,"column":37},"end":{"line":231,"column":102}},"84":{"start":{"line":232,"column":20},"end":{"line":232,"column":71}},"85":{"start":{"line":238,"column":14},"end":{"line":246,"column":15}},"86":{"start":{"line":239,"column":16},"end":{"line":244,"column":17}},"87":{"start":{"line":240,"column":18},"end":{"line":240,"column":53}},"88":{"start":{"line":241,"column":18},"end":{"line":243,"column":21}},"89":{"start":{"line":242,"column":20},"end":{"line":242,"column":49}},"90":{"start":{"line":245,"column":16},"end":{"line":245,"column":48}},"91":{"start":{"line":254,"column":8},"end":{"line":260,"column":11}},"92":{"start":{"line":255,"column":23},"end":{"line":255,"column":39}},"93":{"start":{"line":256,"column":10},"end":{"line":256,"column":31}},"94":{"start":{"line":257,"column":10},"end":{"line":259,"column":11}},"95":{"start":{"line":258,"column":12},"end":{"line":258,"column":39}},"96":{"start":{"line":263,"column":8},"end":{"line":289,"column":11}},"97":{"start":{"line":264,"column":24},"end":{"line":268,"column":21}},"98":{"start":{"line":265,"column":12},"end":{"line":265,"column":25}},"99":{"start":{"line":266,"column":12},"end":{"line":266,"column":64}},"100":{"start":{"line":266,"column":33},"end":{"line":266,"column":64}},"101":{"start":{"line":267,"column":12},"end":{"line":267,"column":78}},"102":{"start":{"line":270,"column":10},"end":{"line":282,"column":13}},"103":{"start":{"line":271,"column":12},"end":{"line":271,"column":32}},"104":{"start":{"line":272,"column":12},"end":{"line":275,"column":13}},"105":{"start":{"line":273,"column":14},"end":{"line":273,"column":45}},"106":{"start":{"line":274,"column":14},"end":{"line":274,"column":55}},"107":{"start":{"line":274,"column":28},"end":{"line":274,"column":55}},"108":{"start":{"line":277,"column":12},"end":{"line":281,"column":13}},"109":{"start":{"line":278,"column":14},"end":{"line":278,"column":24}},"110":{"start":{"line":280,"column":14},"end":{"line":280,"column":119}},"111":{"start":{"line":284,"column":10},"end":{"line":288,"column":13}},"112":{"start":{"line":285,"column":12},"end":{"line":285,"column":32}},"113":{"start":{"line":286,"column":12},"end":{"line":286,"column":64}},"114":{"start":{"line":286,"column":33},"end":{"line":286,"column":64}},"115":{"start":{"line":287,"column":12},"end":{"line":287,"column":24}},"116":{"start":{"line":292,"column":8},"end":{"line":301,"column":9}},"117":{"start":{"line":293,"column":10},"end":{"line":300,"column":11}},"118":{"start":{"line":294,"column":26},"end":{"line":294,"column":50}},"119":{"start":{"line":295,"column":12},"end":{"line":297,"column":13}},"120":{"start":{"line":296,"column":14},"end":{"line":296,"column":46}},"121":{"start":{"line":304,"column":27},"end":{"line":304,"column":45}},"122":{"start":{"line":307,"column":26},"end":{"line":307,"column":73}},"123":{"start":{"line":308,"column":8},"end":{"line":310,"column":9}},"124":{"start":{"line":309,"column":10},"end":{"line":309,"column":75}},"125":{"start":{"line":312,"column":23},"end":{"line":312,"column":62}},"126":{"start":{"line":315,"column":8},"end":{"line":317,"column":9}},"127":{"start":{"line":316,"column":10},"end":{"line":316,"column":74}},"128":{"start":{"line":320,"column":8},"end":{"line":320,"column":63}},"129":{"start":{"line":321,"column":8},"end":{"line":321,"column":61}},"130":{"start":{"line":323,"column":8},"end":{"line":327,"column":9}},"131":{"start":{"line":324,"column":10},"end":{"line":324,"column":62}},"132":{"start":{"line":325,"column":10},"end":{"line":325,"column":60}},"133":{"start":{"line":326,"column":10},"end":{"line":326,"column":98}},"134":{"start":{"line":329,"column":8},"end":{"line":329,"column":22}},"135":{"start":{"line":332,"column":8},"end":{"line":332,"column":35}},"136":{"start":{"line":333,"column":8},"end":{"line":335,"column":9}},"137":{"start":{"line":334,"column":10},"end":{"line":334,"column":131}},"138":{"start":{"line":337,"column":8},"end":{"line":344,"column":9}},"139":{"start":{"line":339,"column":27},"end":{"line":339,"column":41}},"140":{"start":{"line":340,"column":10},"end":{"line":342,"column":11}},"141":{"start":{"line":341,"column":12},"end":{"line":341,"column":78}},"142":{"start":{"line":343,"column":10},"end":{"line":343,"column":70}},"143":{"start":{"line":343,"column":39},"end":{"line":343,"column":68}},"144":{"start":{"line":349,"column":4},"end":{"line":351,"column":6}},"145":{"start":{"line":358,"column":26},"end":{"line":358,"column":43}},"146":{"start":{"line":359,"column":30},"end":{"line":359,"column":32}},"147":{"start":{"line":361,"column":4},"end":{"line":376,"column":5}},"148":{"start":{"line":362,"column":6},"end":{"line":362,"column":36}},"149":{"start":{"line":364,"column":6},"end":{"line":375,"column":7}},"150":{"start":{"line":365,"column":27},"end":{"line":365,"column":69}},"151":{"start":{"line":366,"column":8},"end":{"line":368,"column":9}},"152":{"start":{"line":367,"column":10},"end":{"line":367,"column":73}},"153":{"start":{"line":369,"column":8},"end":{"line":369,"column":50}},"154":{"start":{"line":371,"column":8},"end":{"line":374,"column":10}},"155":{"start":{"line":378,"column":4},"end":{"line":378,"column":16}},"156":{"start":{"line":385,"column":21},"end":{"line":385,"column":57}},"157":{"start":{"line":386,"column":4},"end":{"line":391,"column":5}},"158":{"start":{"line":387,"column":6},"end":{"line":390,"column":8}},"159":{"start":{"line":392,"column":4},"end":{"line":392,"column":28}},"160":{"start":{"line":399,"column":25},"end":{"line":399,"column":58}},"161":{"start":{"line":400,"column":4},"end":{"line":402,"column":5}},"162":{"start":{"line":401,"column":6},"end":{"line":401,"column":18}},"163":{"start":{"line":403,"column":4},"end":{"line":403,"column":41}},"164":{"start":{"line":410,"column":22},"end":{"line":410,"column":41}},"165":{"start":{"line":411,"column":4},"end":{"line":413,"column":5}},"166":{"start":{"line":412,"column":6},"end":{"line":412,"column":84}},"167":{"start":{"line":415,"column":4},"end":{"line":426,"column":6}},"168":{"start":{"line":433,"column":4},"end":{"line":433,"column":75}},"169":{"start":{"line":462,"column":4},"end":{"line":464,"column":5}},"170":{"start":{"line":463,"column":6},"end":{"line":463,"column":54}},"171":{"start":{"line":465,"column":4},"end":{"line":467,"column":5}},"172":{"start":{"line":466,"column":6},"end":{"line":466,"column":43}},"173":{"start":{"line":468,"column":4},"end":{"line":470,"column":5}},"174":{"start":{"line":469,"column":6},"end":{"line":469,"column":48}},"175":{"start":{"line":471,"column":4},"end":{"line":471,"column":98}},"176":{"start":{"line":492,"column":4},"end":{"line":494,"column":5}},"177":{"start":{"line":493,"column":6},"end":{"line":493,"column":54}},"178":{"start":{"line":495,"column":4},"end":{"line":497,"column":5}},"179":{"start":{"line":496,"column":6},"end":{"line":496,"column":43}},"180":{"start":{"line":499,"column":22},"end":{"line":499,"column":48}},"181":{"start":{"line":500,"column":4},"end":{"line":506,"column":6}},"182":{"start":{"line":513,"column":4},"end":{"line":513,"column":28}},"183":{"start":{"line":520,"column":4},"end":{"line":526,"column":5}},"184":{"start":{"line":521,"column":27},"end":{"line":521,"column":55}},"185":{"start":{"line":522,"column":6},"end":{"line":522,"column":49}},"186":{"start":{"line":523,"column":6},"end":{"line":523,"column":18}},"187":{"start":{"line":525,"column":6},"end":{"line":525,"column":19}},"188":{"start":{"line":533,"column":18},"end":{"line":533,"column":37}},"189":{"start":{"line":534,"column":4},"end":{"line":536,"column":5}},"190":{"start":{"line":535,"column":6},"end":{"line":535,"column":21}},"191":{"start":{"line":537,"column":4},"end":{"line":537,"column":118}},"192":{"start":{"line":544,"column":18},"end":{"line":544,"column":30}},"193":{"start":{"line":547,"column":18},"end":{"line":547,"column":42}},"194":{"start":{"line":548,"column":22},"end":{"line":548,"column":63}},"195":{"start":{"line":548,"column":41},"end":{"line":548,"column":62}},"196":{"start":{"line":550,"column":4},"end":{"line":553,"column":5}},"197":{"start":{"line":551,"column":20},"end":{"line":551,"column":57}},"198":{"start":{"line":552,"column":6},"end":{"line":552,"column":34}},"199":{"start":{"line":555,"column":4},"end":{"line":555,"column":31}},"200":{"start":{"line":562,"column":25},"end":{"line":562,"column":68}},"201":{"start":{"line":563,"column":21},"end":{"line":563,"column":49}},"202":{"start":{"line":564,"column":19},"end":{"line":564,"column":59}},"203":{"start":{"line":566,"column":4},"end":{"line":568,"column":5}},"204":{"start":{"line":567,"column":6},"end":{"line":567,"column":91}},"205":{"start":{"line":570,"column":17},"end":{"line":570,"column":49}},"206":{"start":{"line":572,"column":4},"end":{"line":580,"column":5}},"207":{"start":{"line":573,"column":25},"end":{"line":575,"column":15}},"208":{"start":{"line":577,"column":6},"end":{"line":579,"column":31}},"209":{"start":{"line":582,"column":4},"end":{"line":582,"column":18}},"210":{"start":{"line":589,"column":25},"end":{"line":589,"column":53}},"211":{"start":{"line":591,"column":4},"end":{"line":608,"column":5}},"212":{"start":{"line":592,"column":6},"end":{"line":592,"column":51}},"213":{"start":{"line":594,"column":6},"end":{"line":594,"column":115}},"214":{"start":{"line":597,"column":6},"end":{"line":605,"column":7}},"215":{"start":{"line":598,"column":21},"end":{"line":598,"column":54}},"216":{"start":{"line":599,"column":8},"end":{"line":602,"column":9}},"217":{"start":{"line":600,"column":10},"end":{"line":600,"column":65}},"218":{"start":{"line":601,"column":10},"end":{"line":601,"column":30}},"219":{"start":{"line":604,"column":8},"end":{"line":604,"column":66}},"220":{"start":{"line":607,"column":6},"end":{"line":607,"column":91}},"221":{"start":{"line":615,"column":24},"end":{"line":615,"column":95}},"222":{"start":{"line":616,"column":4},"end":{"line":616,"column":50}}},"fnMap":{"0":{"name":"(anonymous_0)","decl":{"start":{"line":44,"column":2},"end":{"line":44,"column":14}},"loc":{"start":{"line":44,"column":89},"end":{"line":64,"column":3}}},"1":{"name":"(anonymous_1)","decl":{"start":{"line":69,"column":2},"end":{"line":69,"column":8}},"loc":{"start":{"line":69,"column":93},"end":{"line":103,"column":3}}},"2":{"name":"(anonymous_2)","decl":{"start":{"line":113,"column":2},"end":{"line":113,"column":7}},"loc":{"start":{"line":113,"column":12},"end":{"line":142,"column":3}}},"3":{"name":"(anonymous_3)","decl":{"start":{"line":148,"column":12},"end":{"line":148,"column":17}},"loc":{"start":{"line":148,"column":48},"end":{"line":352,"column":3}}},"4":{"name":"(anonymous_4)","decl":{"start":{"line":202,"column":40},"end":{"line":202,"column":43}},"loc":{"start":{"line":202,"column":45},"end":{"line":205,"column":11}}},"5":{"name":"(anonymous_5)","decl":{"start":{"line":209,"column":32},"end":{"line":209,"column":33}},"loc":{"start":{"line":209,"column":50},"end":{"line":251,"column":9}}},"6":{"name":"(anonymous_6)","decl":{"start":{"line":226,"column":54},"end":{"line":226,"column":55}},"loc":{"start":{"line":226,"column":71},"end":{"line":228,"column":19}}},"7":{"name":"(anonymous_7)","decl":{"start":{"line":241,"column":54},"end":{"line":241,"column":55}},"loc":{"start":{"line":241,"column":71},"end":{"line":243,"column":19}}},"8":{"name":"(anonymous_8)","decl":{"start":{"line":254,"column":32},"end":{"line":254,"column":33}},"loc":{"start":{"line":254,"column":50},"end":{"line":260,"column":9}}},"9":{"name":"(anonymous_9)","decl":{"start":{"line":263,"column":32},"end":{"line":263,"column":33}},"loc":{"start":{"line":263,"column":52},"end":{"line":289,"column":9}}},"10":{"name":"(anonymous_10)","decl":{"start":{"line":264,"column":35},"end":{"line":264,"column":38}},"loc":{"start":{"line":264,"column":40},"end":{"line":268,"column":11}}},"11":{"name":"(anonymous_11)","decl":{"start":{"line":270,"column":28},"end":{"line":270,"column":29}},"loc":{"start":{"line":270,"column":37},"end":{"line":282,"column":11}}},"12":{"name":"(anonymous_12)","decl":{"start":{"line":284,"column":28},"end":{"line":284,"column":29}},"loc":{"start":{"line":284,"column":36},"end":{"line":288,"column":11}}},"13":{"name":"(anonymous_13)","decl":{"start":{"line":343,"column":28},"end":{"line":343,"column":35}},"loc":{"start":{"line":343,"column":39},"end":{"line":343,"column":68}}},"14":{"name":"(anonymous_14)","decl":{"start":{"line":357,"column":12},"end":{"line":357,"column":17}},"loc":{"start":{"line":357,"column":53},"end":{"line":379,"column":3}}},"15":{"name":"(anonymous_15)","decl":{"start":{"line":384,"column":12},"end":{"line":384,"column":17}},"loc":{"start":{"line":384,"column":53},"end":{"line":393,"column":3}}},"16":{"name":"(anonymous_16)","decl":{"start":{"line":398,"column":12},"end":{"line":398,"column":24}},"loc":{"start":{"line":398,"column":24},"end":{"line":404,"column":3}}},"17":{"name":"(anonymous_17)","decl":{"start":{"line":409,"column":12},"end":{"line":409,"column":31}},"loc":{"start":{"line":409,"column":98},"end":{"line":427,"column":3}}},"18":{"name":"(anonymous_18)","decl":{"start":{"line":432,"column":12},"end":{"line":432,"column":22}},"loc":{"start":{"line":432,"column":22},"end":{"line":434,"column":3}}},"19":{"name":"(anonymous_19)","decl":{"start":{"line":461,"column":12},"end":{"line":461,"column":27}},"loc":{"start":{"line":461,"column":42},"end":{"line":472,"column":3}}},"20":{"name":"(anonymous_20)","decl":{"start":{"line":491,"column":12},"end":{"line":491,"column":32}},"loc":{"start":{"line":491,"column":32},"end":{"line":507,"column":3}}},"21":{"name":"(anonymous_21)","decl":{"start":{"line":512,"column":12},"end":{"line":512,"column":35}},"loc":{"start":{"line":512,"column":50},"end":{"line":514,"column":3}}},"22":{"name":"(anonymous_22)","decl":{"start":{"line":519,"column":12},"end":{"line":519,"column":17}},"loc":{"start":{"line":519,"column":47},"end":{"line":527,"column":3}}},"23":{"name":"(anonymous_23)","decl":{"start":{"line":532,"column":12},"end":{"line":532,"column":26}},"loc":{"start":{"line":532,"column":65},"end":{"line":538,"column":3}}},"24":{"name":"(anonymous_24)","decl":{"start":{"line":543,"column":12},"end":{"line":543,"column":23}},"loc":{"start":{"line":543,"column":34},"end":{"line":556,"column":3}}},"25":{"name":"(anonymous_25)","decl":{"start":{"line":548,"column":33},"end":{"line":548,"column":37}},"loc":{"start":{"line":548,"column":41},"end":{"line":548,"column":62}}},"26":{"name":"(anonymous_26)","decl":{"start":{"line":561,"column":12},"end":{"line":561,"column":17}},"loc":{"start":{"line":561,"column":86},"end":{"line":583,"column":3}}},"27":{"name":"(anonymous_27)","decl":{"start":{"line":588,"column":12},"end":{"line":588,"column":17}},"loc":{"start":{"line":588,"column":57},"end":{"line":609,"column":3}}},"28":{"name":"(anonymous_28)","decl":{"start":{"line":614,"column":12},"end":{"line":614,"column":17}},"loc":{"start":{"line":614,"column":35},"end":{"line":617,"column":3}}}},"branchMap":{"0":{"loc":{"start":{"line":44,"column":62},"end":{"line":44,"column":89}},"type":"default-arg","locations":[{"start":{"line":44,"column":87},"end":{"line":44,"column":89}}]},"1":{"loc":{"start":{"line":54,"column":21},"end":{"line":54,"column":95}},"type":"cond-ex
[...]
,"/Users/haydenparkinson/Projects/determinant/packages/client/src/node/ResearchNode.ts": {"path":"/Users/haydenparkinson/Projects/determinant/packages/client/src/node/ResearchNode.ts","statementMap":{"0":{"start":{"line":18,"column":4},"end":{"line":21,"column":5}},"1":{"start":{"line":19,"column":6},"end":{"line":19,"column":62}},"2":{"start":{"line":20,"column":6},"end":{"line":20,"column":67}},"3":{"start":{"line":23,"column":4},"end":{"line":23,"column":35}},"4":{"start":{"line":25,"column":25},"end":{"line":25,"column":52}},"5":{"start":{"line":27,"column":19},"end":{"line":61,"column":12}},"6":{"start":{"line":63,"column":19},"end":{"line":63,"column":53}},"7":{"start":{"line":66,"column":4},"end":{"line":70,"column":5}},"8":{"start":{"line":67,"column":6},"end":{"line":69,"column":8}},"9":{"start":{"line":72,"column":21},"end":{"line":72,"column":61}},"10":{"start":{"line":73,"column":22},"end":{"line":73,"column":107}},"11":{"start":{"line":74,"column":22},"end":{"line":74,"column":76}},"12":{"start":{"line":76,"column":4},"end":{"line":78,"column":5}},"13":{"start":{"line":77,"column":6},"end":{"line":77,"column":68}},"14":{"start":{"line":80,"column":4},"end":{"line":80,"column":56}}},"fnMap":{"0":{"name":"(anonymous_0)","decl":{"start":{"line":17,"column":2},"end":{"line":17,"column":7}},"loc":{"start":{"line":17,"column":15},"end":{"line":81,"column":3}}}},"branchMap":{"0":{"loc":{"start":{"line":18,"column":4},"end":{"line":21,"column":5}},"type":"if","locations":[{"start":{"line":18,"column":4},"end":{"line":21,"column":5}}]},"1":{"loc":{"start":{"line":66,"column":4},"end":{"line":70,"column":5}},"type":"if","locations":[{"start":{"line":66,"column":4},"end":{"line":70,"column":5}}]},"2":{"loc":{"start":{"line":76,"column":4},"end":{"line":78,"column":5}},"type":"if","locations":[{"start":{"line":76,"column":4},"end":{"line":78,"column":5}}]}},"s":{"0":0,"1":0,"2":0,"3":0,"4":0,"5":0,"6":0,"7":0,"8":0,"9":0,"10":0,"11":0,"12":0,"13":0,"14":0},"f":{"0":0},"b":{"0":[0],"1":[0],"2":[0]}}
,"/Users/haydenparkinson/Projects/determinant/packages/client/src/node/ValidateNode.ts": {"path":"/Users/haydenparkinson/Projects/determinant/packages/client/src/node/ValidateNode.ts","statementMap":{"0":{"start":{"line":20,"column":4},"end":{"line":23,"column":5}},"1":{"start":{"line":21,"column":6},"end":{"line":21,"column":61}},"2":{"start":{"line":22,"column":6},"end":{"line":22,"column":54}},"3":{"start":{"line":25,"column":4},"end":{"line":25,"column":35}},"4":{"start":{"line":27,"column":25},"end":{"line":27,"column":52}},"5":{"start":{"line":30,"column":28},"end":{"line":30,"column":69}},"6":{"start":{"line":31,"column":24},"end":{"line":31,"column":61}},"7":{"start":{"line":33,"column":19},"end":{"line":73,"column":12}},"8":{"start":{"line":75,"column":19},"end":{"line":75,"column":53}},"9":{"start":{"line":78,"column":4},"end":{"line":82,"column":5}},"10":{"start":{"line":79,"column":6},"end":{"line":81,"column":8}},"11":{"start":{"line":84,"column":21},"end":{"line":84,"column":61}},"12":{"start":{"line":86,"column":4},"end":{"line":88,"column":5}},"13":{"start":{"line":87,"column":6},"end":{"line":87,"column":105}},"14":{"start":{"line":93,"column":4},"end":{"line":121,"column":5}},"15":{"start":{"line":95,"column":6},"end":{"line":97,"column":7}},"16":{"start":{"line":96,"column":8},"end":{"line":96,"column":70}},"17":{"start":{"line":98,"column":6},"end":{"line":102,"column":8}},"18":{"start":{"line":105,"column":6},"end":{"line":107,"column":7}},"19":{"start":{"line":106,"column":8},"end":{"line":106,"column":72}},"20":{"start":{"line":109,"column":6},"end":{"line":120,"column":8}},"21":{"start":{"line":123,"column":22},"end":{"line":123,"column":76}},"22":{"start":{"line":125,"column":4},"end":{"line":127,"column":5}},"23":{"start":{"line":126,"column":6},"end":{"line":126,"column":68}},"24":{"start":{"line":129,"column":4},"end":{"line":129,"column":56}}},"fnMap":{"0":{"name":"(anonymous_0)","decl":{"start":{"line":19,"column":2},"end":{"line":19,"column":7}},"loc":{"start":{"line":19,"column":15},"end":{"line":130,"column":3}}}},"branchMap":{"0":{"loc":{"start":{"line":20,"column":4},"end":{"line":23,"column":5}},"type":"if","locations":[{"start":{"line":20,"column":4},"end":{"line":23,"column":5}}]},"1":{"loc":{"start":{"line":78,"column":4},"end":{"line":82,"column":5}},"type":"if","locations":[{"start":{"line":78,"column":4},"end":{"line":82,"column":5}}]},"2":{"loc":{"start":{"line":86,"column":4},"end":{"line":88,"column":5}},"type":"if","locations":[{"start":{"line":86,"column":4},"end":{"line":88,"column":5}}]},"3":{"loc":{"start":{"line":87,"column":24},"end":{"line":87,"column":101}},"type":"cond-expr","locations":[{"start":{"line":87,"column":54},"end":{"line":87,"column":76}},{"start":{"line":87,"column":79},"end":{"line":87,"column":101}}]},"4":{"loc":{"start":{"line":93,"column":4},"end":{"line":121,"column":5}},"type":"if","locations":[{"start":{"line":93,"column":4},"end":{"line":121,"column":5}},{"start":{"line":103,"column":11},"end":{"line":121,"column":5}}]},"5":{"loc":{"start":{"line":95,"column":6},"end":{"line":97,"column":7}},"type":"if","locations":[{"start":{"line":95,"column":6},"end":{"line":97,"column":7}}]},"6":{"loc":{"start":{"line":105,"column":6},"end":{"line":107,"column":7}},"type":"if","locations":[{"start":{"line":105,"column":6},"end":{"line":107,"column":7}}]},"7":{"loc":{"start":{"line":125,"column":4},"end":{"line":127,"column":5}},"type":"if","locations":[{"start":{"line":125,"column":4},"end":{"line":127,"column":5}}]}},"s":{"0":0,"1":0,"2":0,"3":0,"4":0,"5":0,"6":0,"7":0,"8":0,"9":0,"10":0,"11":0,"12":0,"13":0,"14":0,"15":0,"16":0,"17":0,"18":0,"19":0,"20":0,"21":0,"22":0,"23":0,"24":0},"f":{"0":0},"b":{"0":[0],"1":[0],"2":[0],"3":[0,0],"4":[0,0],"5":[0],"6":[0],"7":[0]}}
,"/Users/haydenparkinson/Projects/determinant/packages/client/src/notifications/NotificationService.ts": {"path":"/Users/haydenparkinson/Projects/determinant/packages/client/src/notifications/NotificationService.ts","statementMap":{"0":{"start":{"line":10,"column":44},"end":{"line":10,"column":48}},"1":{"start":{"line":13,"column":4},"end":{"line":13,"column":49}},"2":{"start":{"line":14,"column":4},"end":{"line":14,"column":32}},"3":{"start":{"line":17,"column":4},"end":{"line":25,"column":5}},"4":{"start":{"line":18,"column":6},"end":{"line":24,"column":7}},"5":{"start":{"line":19,"column":8},"end":{"line":19,"column":63}},"6":{"start":{"line":21,"column":8},"end":{"line":23,"column":9}},"7":{"start":{"line":22,"column":10},"end":{"line":22,"column":84}},"8":{"start":{"line":33,"column":4},"end":{"line":35,"column":5}},"9":{"start":{"line":34,"column":6},"end":{"line":34,"column":13}},"10":{"start":{"line":38,"column":4},"end":{"line":40,"column":5}},"11":{"start":{"line":39,"column":6},"end":{"line":39,"column":63}},"12":{"start":{"line":43,"column":4},"end":{"line":55,"column":5}},"13":{"start":{"line":44,"column":24},"end":{"line":44,"column":48}},"14":{"start":{"line":45,"column":6},"end":{"line":54,"column":7}},"15":{"start":{"line":46,"column":8},"end":{"line":53,"column":9}},"16":{"start":{"line":47,"column":10},"end":{"line":47,"column":49}},"17":{"start":{"line":50,"column":10},"end":{"line":52,"column":11}},"18":{"start":{"line":51,"column":12},"end":{"line":51,"column":85}},"19":{"start":{"line":62,"column":4},"end":{"line":65,"column":7}},"20":{"start":{"line":72,"column":4},"end":{"line":75,"column":7}},"21":{"start":{"line":82,"column":4},"end":{"line":85,"column":7}},"22":{"start":{"line":92,"column":4},"end":{"line":94,"column":7}},"23":{"start":{"line":101,"column":4},"end":{"line":104,"column":7}},"24":{"start":{"line":111,"column":4},"end":{"line":113,"column":7}},"25":{"start":{"line":120,"column":4},"end":{"line":127,"column":6}},"26":{"start":{"line":130,"column":4},"end":{"line":132,"column":5}},"27":{"start":{"line":131,"column":6},"end":{"line":131,"column":49}},"28":{"start":{"line":139,"column":4},"end":{"line":139,"column":31}},"29":{"start":{"line":146,"column":4},"end":{"line":146,"column":30}}},"fnMap":{"0":{"name":"(anonymous_0)","decl":{"start":{"line":12,"column":2},"end":{"line":12,"column":14}},"loc":{"start":{"line":12,"column":50},"end":{"line":26,"column":3}}},"1":{"name":"(anonymous_1)","decl":{"start":{"line":31,"column":2},"end":{"line":31,"column":7}},"loc":{"start":{"line":31,"column":72},"end":{"line":56,"column":3}}},"2":{"name":"(anonymous_2)","decl":{"start":{"line":61,"column":2},"end":{"line":61,"column":7}},"loc":{"start":{"line":61,"column":58},"end":{"line":66,"column":3}}},"3":{"name":"(anonymous_3)","decl":{"start":{"line":71,"column":2},"end":{"line":71,"column":7}},"loc":{"start":{"line":71,"column":55},"end":{"line":76,"column":3}}},"4":{"name":"(anonymous_4)","decl":{"start":{"line":81,"column":2},"end":{"line":81,"column":7}},"loc":{"start":{"line":81,"column":50},"end":{"line":86,"column":3}}},"5":{"name":"(anonymous_5)","decl":{"start":{"line":91,"column":2},"end":{"line":91,"column":7}},"loc":{"start":{"line":91,"column":27},"end":{"line":95,"column":3}}},"6":{"name":"(anonymous_6)","decl":{"start":{"line":100,"column":2},"end":{"line":100,"column":7}},"loc":{"start":{"line":100,"column":46},"end":{"line":105,"column":3}}},"7":{"name":"(anonymous_7)","decl":{"start":{"line":110,"column":2},"end":{"line":110,"column":7}},"loc":{"start":{"line":110,"column":24},"end":{"line":114,"column":3}}},"8":{"name":"(anonymous_8)","decl":{"start":{"line":119,"column":2},"end":{"line":119,"column":14}},"loc":{"start":{"line":119,"column":51},"end":{"line":133,"column":3}}},"9":{"name":"(anonymous_9)","decl":{"start":{"line":138,"column":2},"end":{"line":138,"column":11}},"loc":{"start":{"line":138,"column":11},"end":{"line":140,"column":3}}},"10":{"name":"(anonymous_10)","decl":{"start":{"line":145,"column":2},"end":{"line":145,"column":11}},"loc":{"start":{"line":145,"column":11},"end":{"line":147,"column":3}}}},"branchMap":{"0":{"loc":{"start":{"line":17,"column":4},"end":{"line":25,"column":5}},"type":"if","locations":[{"start":{"line":17,"column":4},"end":{"line":25,"column":5}}]},"1":{"loc":{"start":{"line":21,"column":8},"end":{"line":23,"column":9}},"type":"if","locations":[{"start":{"line":21,"column":8},"end":{"line":23,"column":9}}]},"2":{"loc":{"start":{"line":31,"column":39},"end":{"line":31,"column":72}},"type":"default-arg","locations":[{"start":{"line":31,"column":70},"end":{"line":31,"column":72}}]},"3":{"loc":{"start":{"line":33,"column":4},"end":{"line":35,"column":5}},"type":"if","locations":[{"start":{"line":33,"column":4},"end":{"line":35,"column":5}}]},"4":{"loc":{"start":{"line":38,"column":4},"end":{"line":40,"column":5}},"type":"if","locations":[{"start":{"line":38,"column":4},"end":{"line":40,"column":5}}]},"5":{"loc":{"start":{"line":38,"column":8},"end":{"line":38,"column":46}},"type":"binary-expr","locations":[{"start":{"line":38,"column":8},"end":{"line":38,"column":23}},{"start":{"line":38,"column":27},"end":{"line":38,"column":46}}]},"6":{"loc":{"start":{"line":43,"column":4},"end":{"line":55,"column":5}},"type":"if","locations":[{"start":{"line":43,"column":4},"end":{"line":55,"column":5}}]},"7":{"loc":{"start":{"line":43,"column":8},"end":{"line":43,"column":74}},"type":"binary-expr","locations":[{"start":{"line":43,"column":8},"end":{"line":43,"column":32}},{"start":{"line":43,"column":36},"end":{"line":43,"column":54}},{"start":{"line":43,"column":58},"end":{"line":43,"column":74}}]},"8":{"loc":{"start":{"line":45,"column":6},"end":{"line":54,"column":7}},"type":"if","locations":[{"start":{"line":45,"column":6},"end":{"line":54,"column":7}}]},"9":{"loc":{"start":{"line":50,"column":10},"end":{"line":52,"column":11}},"type":"if","locations":[{"start":{"line":50,"column":10},"end":{"line":52,"column":11}}]},"10":{"loc":{"start":{"line":130,"column":4},"end":{"line":132,"column":5}},"type":"if","locations":[{"start":{"line":130,"column":4},"end":{"line":132,"column":5}}]},"11":{"loc":{"start":{"line":130,"column":8},"end":{"line":130,"column":56}},"type":"binary-expr","locations":[{"start":{"line":130,"column":8},"end":{"line":130,"column":36}},{"start":{"line":130,"column":40},"end":{"line":130,"column":56}}]}},"s":{"0":13,"1":13,"2":13,"3":12,"4":12,"5":12,"6":0,"7":0,"8":9,"9":7,"10":2,"11":0,"12":2,"13":1,"14":1,"15":1,"16":1,"17":1,"18":0,"19":1,"20":1,"21":1,"22":1,"23":1,"24":1,"25":2,"26":2,"27":1,"28":4,"29":5},"f":{"0":13,"1":9,"2":1,"3":1,"4":1,"5":1,"6":1,"7":1,"8":2,"9":4,"10":5},"b":{"0":[12],"1":[0],"2":[2],"3":[7],"4":[0],"5":[2,0],"6":[1],"7":[2,2,1],"8":[1],"9":[0],"10":[1],"11":[2,1]}}
,"/Users/haydenparkinson/Projects/determinant/packages/client/src/notifications/audio.ts": {"path":"/Users/haydenparkinson/Projects/determinant/packages/client/src/notifications/audio.ts","statementMap":{"0":{"start":{"line":12,"column":4},"end":{"line":12,"column":25}},"1":{"start":{"line":13,"column":4},"end":{"line":13,"column":58}},"2":{"start":{"line":20,"column":4},"end":{"line":27,"column":5}},"3":{"start":{"line":22,"column":8},"end":{"line":22,"column":24}},"4":{"start":{"line":24,"column":8},"end":{"line":24,"column":23}},"5":{"start":{"line":26,"column":8},"end":{"line":26,"column":25}},"6":{"start":{"line":35,"column":4},"end":{"line":37,"column":5}},"7":{"start":{"line":36,"column":6},"end":{"line":36,"column":59}},"8":{"start":{"line":39,"column":4},"end":{"line":47,"column":7}},"9":{"start":{"line":40,"column":6},"end":{"line":46,"column":9}},"10":{"start":{"line":41,"column":8},"end":{"line":45,"column":9}},"11":{"start":{"line":42,"column":10},"end":{"line":42,"column":68}},"12":{"start":{"line":44,"column":10},"end":{"line":44,"column":20}},"13":{"start":{"line":55,"column":4},"end":{"line":57,"column":5}},"14":{"start":{"line":56,"column":6},"end":{"line":56,"column":60}},"15":{"start":{"line":58,"column":4},"end":{"line":58,"column":25}}},"fnMap":{"0":{"name":"(anonymous_0)","decl":{"start":{"line":11,"column":2},"end":{"line":11,"column":14}},"loc":{"start":{"line":11,"column":34},"end":{"line":14,"column":3}}},"1":{"name":"(anonymous_1)","decl":{"start":{"line":19,"column":10},"end":{"line":19,"column":22}},"loc":{"start":{"line":19,"column":22},"end":{"line":28,"column":3}}},"2":{"name":"(anonymous_2)","decl":{"start":{"line":33,"column":2},"end":{"line":33,"column":7}},"loc":{"start":{"line":33,"column":29},"end":{"line":48,"column":3}}},"3":{"name":"(anonymous_3)","decl":{"start":{"line":39,"column":23},"end":{"line":39,"column":24}},"loc":{"start":{"line":39,"column":43},"end":{"line":47,"column":5}}},"4":{"name":"(anonymous_4)","decl":{"start":{"line":40,"column":33},"end":{"line":40,"column":34}},"loc":{"start":{"line":40,"column":41},"end":{"line":46,"column":7}}},"5":{"name":"(anonymous_5)","decl":{"start":{"line":54,"column":2},"end":{"line":54,"column":11}},"loc":{"start":{"line":54,"column":26},"end":{"line":59,"column":3}}}},"branchMap":{"0":{"loc":{"start":{"line":11,"column":14},"end":{"line":11,"column":34}},"type":"default-arg","locations":[{"start":{"line":11,"column":31},"end":{"line":11,"column":34}}]},"1":{"loc":{"start":{"line":20,"column":4},"end":{"line":27,"column":5}},"type":"switch","locations":[{"start":{"line":21,"column":6},"end":{"line":22,"column":24}},{"start":{"line":23,"column":6},"end":{"line":24,"column":23}},{"start":{"line":25,"column":6},"end":{"line":26,"column":25}}]},"2":{"loc":{"start":{"line":35,"column":4},"end":{"line":37,"column":5}},"type":"if","locations":[{"start":{"line":35,"column":4},"end":{"line":37,"column":5}}]},"3":{"loc":{"start":{"line":41,"column":8},"end":{"line":45,"column":9}},"type":"if","locations":[{"start":{"line":41,"column":8},"end":{"line":45,"column":9}},{"start":{"line":43,"column":15},"end":{"line":45,"column":9}}]},"4":{"loc":{"start":{"line":55,"column":4},"end":{"line":57,"column":5}},"type":"if","locations":[{"start":{"line":55,"column":4},"end":{"line":57,"column":5}}]},"5":{"loc":{"start":{"line":55,"column":8},"end":{"line":55,"column":32}},"type":"binary-expr","locations":[{"start":{"line":55,"column":8},"end":{"line":55,"column":18}},{"start":{"line":55,"column":22},"end":{"line":55,"column":32}}]}},"s":{"0":12,"1":12,"2":12,"3":12,"4":0,"5":0,"6":1,"7":1,"8":0,"9":0,"10":0,"11":0,"12":0,"13":1,"14":0,"15":1},"f":{"0":12,"1":12,"2":1,"3":0,"4":0,"5":1},"b":{"0":[0],"1":[12,0,0],"2":[1],"3":[0,0],"4":[0],"5":[1,1]}}
,"/Users/haydenparkinson/Projects/determinant/packages/client/src/notifications/config.ts": {"path":"/Users/haydenparkinson/Projects/determinant/packages/client/src/notifications/config.ts","statementMap":{"0":{"start":{"line":10,"column":49},"end":{"line":22,"column":4}},"1":{"start":{"line":25,"column":2},"end":{"line":34,"column":4}},"2":{"start":{"line":38,"column":2},"end":{"line":38,"column":34}},"3":{"start":{"line":38,"column":14},"end":{"line":38,"column":34}},"4":{"start":{"line":39,"column":2},"end":{"line":39,"column":57}},"5":{"start":{"line":46,"column":2},"end":{"line":48,"column":3}},"6":{"start":{"line":47,"column":4},"end":{"line":47,"column":71}},"7":{"start":{"line":51,"column":2},"end":{"line":55,"column":3}},"8":{"start":{"line":52,"column":4},"end":{"line":54,"column":5}},"9":{"start":{"line":53,"column":6},"end":{"line":53,"column":60}}},"fnMap":{"0":{"name":"loadNotificationConfig","decl":{"start":{"line":6,"column":16},"end":{"line":6,"column":38}},"loc":{"start":{"line":7,"column":46},"end":{"line":35,"column":1}}},"1":{"name":"parseBool","decl":{"start":{"line":37,"column":9},"end":{"line":37,"column":18}},"loc":{"start":{"line":37,"column":67},"end":{"line":40,"column":1}}},"2":{"name":"validateConfig","decl":{"start":{"line":45,"column":16},"end":{"line":45,"column":30}},"loc":{"start":{"line":45,"column":57},"end":{"line":56,"column":1}}}},"branchMap":{"0":{"loc":{"start":{"line":7,"column":2},"end":{"line":7,"column":46}},"type":"default-arg","locations":[{"start":{"line":7,"column":44},"end":{"line":7,"column":46}}]},"1":{"loc":{"start":{"line":13,"column":23},"end":{"line":13,"column":69}},"type":"binary-expr","locations":[{"start":{"line":13,"column":23},"end":{"line":13,"column":60}},{"start":{"line":13,"column":64},"end":{"line":13,"column":69}}]},"2":{"loc":{"start":{"line":38,"column":2},"end":{"line":38,"column":34}},"type":"if","locations":[{"start":{"line":38,"column":2},"end":{"line":38,"column":34}}]},"3":{"loc":{"start":{"line":39,"column":9},"end":{"line":39,"column":56}},"type":"binary-expr","locations":[{"start":{"line":39,"column":9},"end":{"line":39,"column":39}},{"start":{"line":39,"column":43},"end":{"line":39,"column":56}}]},"4":{"loc":{"start":{"line":46,"column":2},"end":{"line":48,"column":3}},"type":"if","locations":[{"start":{"line":46,"column":2},"end":{"line":48,"column":3}}]},"5":{"loc":{"start":{"line":46,"column":6},"end":{"line":46,"column":44}},"type":"binary-expr","locations":[{"start":{"line":46,"column":6},"end":{"line":46,"column":23}},{"start":{"line":46,"column":27},"end":{"line":46,"column":44}}]},"6":{"loc":{"start":{"line":52,"column":4},"end":{"line":54,"column":5}},"type":"if","locations":[{"start":{"line":52,"column":4},"end":{"line":54,"column":5}}]},"7":{"loc":{"start":{"line":52,"column":8},"end":{"line":52,"column":30}},"type":"binary-expr","locations":[{"start":{"line":52,"column":8},"end":{"line":52,"column":12}},{"start":{"line":52,"column":16},"end":{"line":52,"column":30}}]}},"s":{"0":13,"1":13,"2":39,"3":37,"4":2,"5":13,"6":1,"7":12,"8":60,"9":0},"f":{"0":13,"1":39,"2":13},"b":{"0":[4],"1":[13,13],"2":[37],"3":[2,2],"4":[1],"5":[13,13],"6":[0],"7":[60,3]}}
,"/Users/haydenparkinson/Projects/determinant/packages/client/src/notifications/types.ts": {"path":"/Users/haydenparkinson/Projects/determinant/packages/client/src/notifications/types.ts","statementMap":{"0":{"start":{"line":35,"column":63},"end":{"line":41,"column":2}}},"fnMap":{},"branchMap":{},"s":{"0":1},"f":{},"b":{}}
}
