TN:
SF:src/cli.ts
FN:13,parseArgs
FN:18,(anonymous_1)
FN:40,cmdList
FN:55,cmdAdd
FN:74,(anonymous_4)
FN:76,(anonymous_5)
FN:109,(anonymous_6)
FN:113,(anonymous_7)
FN:117,cmdGet
FN:141,(anonymous_9)
FN:146,(anonymous_10)
FN:159,cmdQueue
FN:179,cmdSetState
FN:202,cmdHeapConfig
FN:227,cmdCleanup
FN:248,(anonymous_15)
FN:277,cmdNotifyConfig
FN:302,cmdHelp
FN:346,main
FN:404,(anonymous_19)
FNF:20
FNH:0
FNDA:0,parseArgs
FNDA:0,(anonymous_1)
FNDA:0,cmdList
FNDA:0,cmdAdd
FNDA:0,(anonymous_4)
FNDA:0,(anonymous_5)
FNDA:0,(anonymous_6)
FNDA:0,(anonymous_7)
FNDA:0,cmdGet
FNDA:0,(anonymous_9)
FNDA:0,(anonymous_10)
FNDA:0,cmdQueue
FNDA:0,cmdSetState
FNDA:0,cmdHeapConfig
FNDA:0,cmdCleanup
FNDA:0,(anonymous_15)
FNDA:0,cmdNotifyConfig
FNDA:0,cmdHelp
FNDA:0,main
FNDA:0,(anonymous_19)
DA:14,0
DA:15,0
DA:16,0
DA:18,0
DA:19,0
DA:20,0
DA:22,0
DA:23,0
DA:24,0
DA:26,0
DA:27,0
DA:30,0
DA:31,0
DA:32,0
DA:34,0
DA:37,0
DA:41,0
DA:42,0
DA:44,0
DA:45,0
DA:46,0
DA:49,0
DA:50,0
DA:51,0
DA:56,0
DA:57,0
DA:60,0
DA:61,0
DA:62,0
DA:63,0
DA:67,0
DA:71,0
DA:72,0
DA:74,0
DA:76,0
DA:79,0
DA:80,0
DA:81,0
DA:82,0
DA:83,0
DA:87,0
DA:88,0
DA:89,0
DA:90,0
DA:92,0
DA:93,0
DA:97,0
DA:98,0
DA:100,0
DA:101,0
DA:102,0
DA:103,0
DA:104,0
DA:105,0
DA:107,0
DA:108,0
DA:109,0
DA:111,0
DA:112,0
DA:113,0
DA:118,0
DA:120,0
DA:121,0
DA:122,0
DA:123,0
DA:126,0
DA:127,0
DA:129,0
DA:130,0
DA:131,0
DA:132,0
DA:133,0
DA:134,0
DA:136,0
DA:137,0
DA:139,0
DA:140,0
DA:141,0
DA:144,0
DA:145,0
DA:146,0
DA:148,0
DA:149,0
DA:150,0
DA:151,0
DA:152,0
DA:153,0
DA:154,0
DA:160,0
DA:162,0
DA:164,0
DA:165,0
DA:166,0
DA:169,0
DA:170,0
DA:171,0
DA:172,0
DA:173,0
DA:174,0
DA:175,0
DA:180,0
DA:181,0
DA:183,0
DA:184,0
DA:185,0
DA:188,0
DA:189,0
DA:190,0
DA:193,0
DA:194,0
DA:195,0
DA:197,0
DA:198,0
DA:203,0
DA:204,0
DA:205,0
DA:206,0
DA:207,0
DA:208,0
DA:209,0
DA:210,0
DA:213,0
DA:214,0
DA:215,0
DA:216,0
DA:217,0
DA:219,0
DA:220,0
DA:221,0
DA:222,0
DA:223,0
DA:228,0
DA:230,0
DA:233,0
DA:235,0
DA:236,0
DA:238,0
DA:239,0
DA:240,0
DA:241,0
DA:242,0
DA:244,0
DA:246,0
DA:247,0
DA:248,0
DA:249,0
DA:250,0
DA:252,0
DA:257,0
DA:258,0
DA:260,0
DA:261,0
DA:263,0
DA:264,0
DA:265,0
DA:266,0
DA:267,0
DA:268,0
DA:269,0
DA:272,0
DA:273,0
DA:278,0
DA:279,0
DA:281,0
DA:282,0
DA:283,0
DA:284,0
DA:285,0
DA:286,0
DA:289,0
DA:290,0
DA:291,0
DA:292,0
DA:293,0
DA:294,0
DA:295,0
DA:296,0
DA:297,0
DA:299,0
DA:303,0
DA:347,0
DA:349,0
DA:350,0
DA:352,0
DA:354,0
DA:355,0
DA:357,0
DA:358,0
DA:359,0
DA:362,0
DA:365,0
DA:366,0
DA:369,0
DA:370,0
DA:373,0
DA:374,0
DA:377,0
DA:378,0
DA:380,0
DA:381,0
DA:383,0
DA:384,0
DA:386,0
DA:387,0
DA:390,0
DA:391,0
DA:395,0
DA:396,0
DA:398,0
DA:399,0
DA:400,0
DA:404,0
DA:405,0
DA:406,0
LF:214
LH:0
BRDA:14,0,0,0
BRDA:14,0,1,0
BRDA:19,1,0,0
BRDA:22,2,0,0
BRDA:22,3,0,0
BRDA:22,3,1,0
BRDA:23,4,0,0
BRDA:30,5,0,0
BRDA:30,5,1,0
BRDA:31,6,0,0
BRDA:31,6,1,0
BRDA:44,7,0,0
BRDA:56,8,0,0
BRDA:56,8,1,0
BRDA:57,9,0,0
BRDA:57,9,1,0
BRDA:60,10,0,0
BRDA:60,11,0,0
BRDA:60,11,1,0
BRDA:60,11,2,0
BRDA:60,11,3,0
BRDA:67,12,0,0
BRDA:67,12,1,0
BRDA:74,13,0,0
BRDA:74,13,1,0
BRDA:75,14,0,0
BRDA:75,14,1,0
BRDA:75,15,0,0
BRDA:75,15,1,0
BRDA:76,16,0,0
BRDA:76,16,1,0
BRDA:77,17,0,0
BRDA:77,17,1,0
BRDA:77,18,0,0
BRDA:77,18,1,0
BRDA:79,19,0,0
BRDA:87,20,0,0
BRDA:104,21,0,0
BRDA:107,22,0,0
BRDA:111,23,0,0
BRDA:120,24,0,0
BRDA:133,25,0,0
BRDA:139,26,0,0
BRDA:144,27,0,0
BRDA:148,28,0,0
BRDA:153,29,0,0
BRDA:153,29,1,0
BRDA:153,30,0,0
BRDA:153,30,1,0
BRDA:154,31,0,0
BRDA:154,31,1,0
BRDA:160,32,0,0
BRDA:160,32,1,0
BRDA:164,33,0,0
BRDA:173,34,0,0
BRDA:173,34,1,0
BRDA:183,35,0,0
BRDA:183,36,0,0
BRDA:183,36,1,0
BRDA:188,37,0,0
BRDA:203,38,0,0
BRDA:203,38,1,0
BRDA:209,39,0,0
BRDA:209,40,0,0
BRDA:209,40,1,0
BRDA:209,40,2,0
BRDA:235,41,0,0
BRDA:235,41,1,0
BRDA:246,42,0,0
BRDA:246,42,1,0
BRDA:260,43,0,0
BRDA:260,43,1,0
BRDA:281,44,0,0
BRDA:297,45,0,0
BRDA:297,45,1,0
BRDA:349,46,0,0
BRDA:349,46,1,0
BRDA:350,47,0,0
BRDA:350,47,1,0
BRDA:362,48,0,0
BRDA:362,48,1,0
BRDA:362,48,2,0
BRDA:362,48,3,0
BRDA:362,48,4,0
BRDA:362,48,5,0
BRDA:362,48,6,0
BRDA:362,48,7,0
BRDA:362,48,8,0
BRDA:362,48,9,0
BRDA:362,48,10,0
BRDA:362,48,11,0
BRDA:362,48,12,0
BRDA:362,48,13,0
BRDA:362,48,14,0
BRDA:362,48,15,0
BRDA:362,48,16,0
BRF:96
BRH:0
end_of_record
TN:
SF:src/run.ts
FN:14,parseArgs
FN:19,(anonymous_1)
FN:37,resolveWorkingDir
FN:51,cmdWork
FN:124,cmdHelp
FN:145,main
FN:181,(anonymous_6)
FNF:7
FNH:0
FNDA:0,parseArgs
FNDA:0,(anonymous_1)
FNDA:0,resolveWorkingDir
FNDA:0,cmdWork
FNDA:0,cmdHelp
FNDA:0,main
FNDA:0,(anonymous_6)
DA:15,0
DA:16,0
DA:17,0
DA:19,0
DA:20,0
DA:21,0
DA:22,0
DA:23,0
DA:25,0
DA:28,0
DA:38,0
DA:39,0
DA:43,0
DA:44,0
DA:48,0
DA:52,0
DA:53,0
DA:54,0
DA:55,0
DA:58,0
DA:62,0
DA:63,0
DA:65,0
DA:67,0
DA:69,0
DA:71,0
DA:72,0
DA:75,0
DA:77,0
DA:79,0
DA:82,0
DA:85,0
DA:89,0
DA:97,0
DA:100,0
DA:103,0
DA:105,0
DA:108,0
DA:109,0
DA:110,0
DA:111,0
DA:117,0
DA:118,0
DA:121,0
DA:125,0
DA:146,0
DA:148,0
DA:149,0
DA:151,0
DA:153,0
DA:154,0
DA:156,0
DA:157,0
DA:158,0
DA:161,0
DA:165,0
DA:166,0
DA:168,0
DA:172,0
DA:173,0
DA:175,0
DA:176,0
DA:177,0
DA:181,0
DA:182,0
DA:183,0
LF:66
LH:0
BRDA:15,0,0,0
BRDA:15,0,1,0
BRDA:20,1,0,0
BRDA:22,2,0,0
BRDA:22,2,1,0
BRDA:38,3,0,0
BRDA:43,4,0,0
BRDA:51,5,0,0
BRDA:69,6,0,0
BRDA:97,7,0,0
BRDA:97,7,1,0
BRDA:148,8,0,0
BRDA:148,8,1,0
BRDA:149,9,0,0
BRDA:149,9,1,0
BRDA:161,10,0,0
BRDA:161,10,1,0
BRDA:161,10,2,0
BRDA:161,10,3,0
BRDA:161,10,4,0
BRDA:161,10,5,0
BRDA:165,11,0,0
BRDA:165,11,1,0
BRF:23
BRH:0
end_of_record
TN:
SF:src/client/index.ts
FN:9,(anonymous_0)
FN:14,(anonymous_1)
FN:31,(anonymous_2)
FN:42,(anonymous_3)
FN:46,(anonymous_4)
FN:51,(anonymous_5)
FN:58,(anonymous_6)
FN:62,(anonymous_7)
FN:69,(anonymous_8)
FN:76,(anonymous_9)
FN:83,(anonymous_10)
FN:90,(anonymous_11)
FN:101,(anonymous_12)
FN:111,(anonymous_13)
FN:122,(anonymous_14)
FN:137,(anonymous_15)
FN:152,(anonymous_16)
FN:156,(anonymous_17)
FN:160,(anonymous_18)
FN:168,(anonymous_19)
FN:172,(anonymous_20)
FN:176,(anonymous_21)
FNF:22
FNH:0
FNDA:0,(anonymous_0)
FNDA:0,(anonymous_1)
FNDA:0,(anonymous_2)
FNDA:0,(anonymous_3)
FNDA:0,(anonymous_4)
FNDA:0,(anonymous_5)
FNDA:0,(anonymous_6)
FNDA:0,(anonymous_7)
FNDA:0,(anonymous_8)
FNDA:0,(anonymous_9)
FNDA:0,(anonymous_10)
FNDA:0,(anonymous_11)
FNDA:0,(anonymous_12)
FNDA:0,(anonymous_13)
FNDA:0,(anonymous_14)
FNDA:0,(anonymous_15)
FNDA:0,(anonymous_16)
FNDA:0,(anonymous_17)
FNDA:0,(anonymous_18)
FNDA:0,(anonymous_19)
FNDA:0,(anonymous_20)
FNDA:0,(anonymous_21)
DA:3,0
DA:10,0
DA:11,0
DA:15,0
DA:16,0
DA:21,0
DA:22,0
DA:25,0
DA:30,0
DA:31,0
DA:32,0
DA:35,0
DA:36,0
DA:39,0
DA:43,0
DA:47,0
DA:48,0
DA:52,0
DA:59,0
DA:63,0
DA:70,0
DA:77,0
DA:84,0
DA:91,0
DA:95,0
DA:102,0
DA:105,0
DA:112,0
DA:116,0
DA:123,0
DA:126,0
DA:146,0
DA:153,0
DA:157,0
DA:161,0
DA:169,0
DA:173,0
DA:177,0
LF:38
LH:0
BRDA:3,0,0,0
BRDA:3,0,1,0
BRDA:10,1,0,0
BRDA:10,1,1,0
BRDA:11,2,0,0
BRDA:11,2,1,0
BRDA:11,2,2,0
BRDA:14,3,0,0
BRDA:21,4,0,0
BRDA:30,5,0,0
BRDA:32,6,0,0
BRDA:32,6,1,0
BRDA:35,7,0,0
BRDA:47,8,0,0
BRDA:47,8,1,0
BRDA:152,9,0,0
BRF:16
BRH:0
end_of_record
TN:
SF:src/examples/node-workflow.ts
FN:13,exampleWorkflow
FN:96,simpleExample
FNF:2
FNH:0
FNDA:0,exampleWorkflow
FNDA:0,simpleExample
DA:15,0
DA:21,0
DA:23,0
DA:25,0
DA:27,0
DA:28,0
DA:30,0
DA:31,0
DA:32,0
DA:35,0
DA:36,0
DA:37,0
DA:41,0
DA:42,0
DA:43,0
DA:46,0
DA:47,0
DA:50,0
DA:51,0
DA:52,0
DA:56,0
DA:57,0
DA:58,0
DA:59,0
DA:60,0
DA:62,0
DA:64,0
DA:65,0
DA:66,0
DA:67,0
DA:68,0
DA:71,0
DA:72,0
DA:73,0
DA:76,0
DA:77,0
DA:78,0
DA:79,0
DA:80,0
DA:82,0
DA:85,0
DA:88,0
DA:89,0
DA:97,0
DA:103,0
DA:104,0
DA:107,0
DA:110,0
DA:111,0
DA:113,0
DA:117,0
DA:118,0
LF:52
LH:0
BRDA:35,0,0,0
BRDA:50,1,0,0
BRDA:76,2,0,0
BRDA:76,2,1,0
BRDA:117,3,0,0
BRF:5
BRH:0
end_of_record
TN:
SF:src/node/ImplementNode.ts
FN:14,(anonymous_0)
FNF:1
FNH:0
FNDA:0,(anonymous_0)
DA:15,0
DA:16,0
DA:17,0
DA:20,0
DA:22,0
DA:24,0
DA:56,0
DA:59,0
DA:60,0
DA:65,0
DA:66,0
DA:67,0
DA:69,0
DA:70,0
DA:73,0
LF:15
LH:0
BRDA:15,0,0,0
BRDA:59,1,0,0
BRDA:69,2,0,0
BRF:3
BRH:0
end_of_record
TN:
SF:src/node/Node.ts
FN:44,(anonymous_0)
FN:69,(anonymous_1)
FN:113,(anonymous_2)
FN:148,(anonymous_3)
FN:202,(anonymous_4)
FN:209,(anonymous_5)
FN:226,(anonymous_6)
FN:241,(anonymous_7)
FN:254,(anonymous_8)
FN:263,(anonymous_9)
FN:264,(anonymous_10)
FN:270,(anonymous_11)
FN:284,(anonymous_12)
FN:343,(anonymous_13)
FN:357,(anonymous_14)
FN:384,(anonymous_15)
FN:398,(anonymous_16)
FN:409,(anonymous_17)
FN:432,(anonymous_18)
FN:461,(anonymous_19)
FN:491,(anonymous_20)
FN:512,(anonymous_21)
FN:519,(anonymous_22)
FN:532,(anonymous_23)
FN:543,(anonymous_24)
FN:548,(anonymous_25)
FN:561,(anonymous_26)
FN:588,(anonymous_27)
FN:614,(anonymous_28)
FNF:29
FNH:0
FNDA:0,(anonymous_0)
FNDA:0,(anonymous_1)
FNDA:0,(anonymous_2)
FNDA:0,(anonymous_3)
FNDA:0,(anonymous_4)
FNDA:0,(anonymous_5)
FNDA:0,(anonymous_6)
FNDA:0,(anonymous_7)
FNDA:0,(anonymous_8)
FNDA:0,(anonymous_9)
FNDA:0,(anonymous_10)
FNDA:0,(anonymous_11)
FNDA:0,(anonymous_12)
FNDA:0,(anonymous_13)
FNDA:0,(anonymous_14)
FNDA:0,(anonymous_15)
FNDA:0,(anonymous_16)
FNDA:0,(anonymous_17)
FNDA:0,(anonymous_18)
FNDA:0,(anonymous_19)
FNDA:0,(anonymous_20)
FNDA:0,(anonymous_21)
FNDA:0,(anonymous_22)
FNDA:0,(anonymous_23)
FNDA:0,(anonymous_24)
FNDA:0,(anonymous_25)
FNDA:0,(anonymous_26)
FNDA:0,(anonymous_27)
FNDA:0,(anonymous_28)
DA:45,0
DA:46,0
DA:47,0
DA:48,0
DA:49,0
DA:50,0
DA:51,0
DA:52,0
DA:54,0
DA:55,0
DA:56,0
DA:57,0
DA:72,0
DA:74,0
DA:75,0
DA:78,0
DA:79,0
DA:82,0
DA:83,0
DA:86,0
DA:87,0
DA:90,0
DA:91,0
DA:94,0
DA:95,0
DA:98,0
DA:99,0
DA:101,0
DA:115,0
DA:117,0
DA:119,0
DA:124,0
DA:125,0
DA:126,0
DA:129,0
DA:140,0
DA:149,0
DA:151,0
DA:152,0
DA:153,0
DA:154,0
DA:157,0
DA:159,0
DA:160,0
DA:162,0
DA:168,0
DA:169,0
DA:170,0
DA:172,0
DA:173,0
DA:175,0
DA:177,0
DA:178,0
DA:182,0
DA:183,0
DA:186,0
DA:189,0
DA:194,0
DA:195,0
DA:196,0
DA:197,0
DA:200,0
DA:201,0
DA:202,0
DA:203,0
DA:204,0
DA:209,0
DA:210,0
DA:211,0
DA:214,0
DA:216,0
DA:217,0
DA:219,0
DA:220,0
DA:223,0
DA:224,0
DA:225,0
DA:226,0
DA:227,0
DA:230,0
DA:231,0
DA:232,0
DA:238,0
DA:239,0
DA:240,0
DA:241,0
DA:242,0
DA:245,0
DA:254,0
DA:255,0
DA:256,0
DA:257,0
DA:258,0
DA:263,0
DA:264,0
DA:265,0
DA:266,0
DA:267,0
DA:270,0
DA:271,0
DA:272,0
DA:273,0
DA:274,0
DA:277,0
DA:278,0
DA:280,0
DA:284,0
DA:285,0
DA:286,0
DA:287,0
DA:292,0
DA:293,0
DA:294,0
DA:295,0
DA:296,0
DA:304,0
DA:307,0
DA:308,0
DA:309,0
DA:312,0
DA:315,0
DA:316,0
DA:320,0
DA:321,0
DA:323,0
DA:324,0
DA:325,0
DA:326,0
DA:329,0
DA:332,0
DA:333,0
DA:334,0
DA:337,0
DA:339,0
DA:340,0
DA:341,0
DA:343,0
DA:349,0
DA:358,0
DA:359,0
DA:361,0
DA:362,0
DA:364,0
DA:365,0
DA:366,0
DA:367,0
DA:369,0
DA:371,0
DA:378,0
DA:385,0
DA:386,0
DA:387,0
DA:392,0
DA:399,0
DA:400,0
DA:401,0
DA:403,0
DA:410,0
DA:411,0
DA:412,0
DA:415,0
DA:433,0
DA:462,0
DA:463,0
DA:465,0
DA:466,0
DA:468,0
DA:469,0
DA:471,0
DA:492,0
DA:493,0
DA:495,0
DA:496,0
DA:499,0
DA:500,0
DA:513,0
DA:520,0
DA:521,0
DA:522,0
DA:523,0
DA:525,0
DA:533,0
DA:534,0
DA:535,0
DA:537,0
DA:544,0
DA:547,0
DA:548,0
DA:550,0
DA:551,0
DA:552,0
DA:555,0
DA:562,0
DA:563,0
DA:564,0
DA:566,0
DA:567,0
DA:570,0
DA:572,0
DA:573,0
DA:577,0
DA:582,0
DA:589,0
DA:591,0
DA:592,0
DA:594,0
DA:597,0
DA:598,0
DA:599,0
DA:600,0
DA:601,0
DA:604,0
DA:607,0
DA:615,0
DA:616,0
LF:215
LH:0
BRDA:44,0,0,0
BRDA:54,1,0,0
BRDA:54,1,1,0
BRDA:55,2,0,0
BRDA:55,2,1,0
BRDA:55,3,0,0
BRDA:55,3,1,0
BRDA:72,4,0,0
BRDA:72,4,1,0
BRDA:72,4,2,0
BRDA:72,4,3,0
BRDA:72,4,4,0
BRDA:72,4,5,0
BRDA:72,4,6,0
BRDA:72,4,7,0
BRDA:115,5,0,0
BRDA:115,5,1,0
BRDA:117,6,0,0
BRDA:117,6,1,0
BRDA:151,7,0,0
BRDA:153,8,0,0
BRDA:153,8,1,0
BRDA:168,9,0,0
BRDA:169,10,0,0
BRDA:172,11,0,0
BRDA:177,12,0,0
BRDA:177,13,0,0
BRDA:177,13,1,0
BRDA:182,14,0,0
BRDA:182,14,1,0
BRDA:200,15,0,0
BRDA:214,16,0,0
BRDA:214,16,1,0
BRDA:217,17,0,0
BRDA:223,18,0,0
BRDA:223,19,0,0
BRDA:223,19,1,0
BRDA:224,20,0,0
BRDA:230,21,0,0
BRDA:238,22,0,0
BRDA:238,23,0,0
BRDA:238,23,1,0
BRDA:239,24,0,0
BRDA:257,25,0,0
BRDA:266,26,0,0
BRDA:272,27,0,0
BRDA:274,28,0,0
BRDA:277,29,0,0
BRDA:277,29,1,0
BRDA:280,30,0,0
BRDA:280,30,1,0
BRDA:286,31,0,0
BRDA:292,32,0,0
BRDA:295,33,0,0
BRDA:295,34,0,0
BRDA:295,34,1,0
BRDA:308,35,0,0
BRDA:315,36,0,0
BRDA:320,37,0,0
BRDA:320,37,1,0
BRDA:321,38,0,0
BRDA:321,38,1,0
BRDA:323,39,0,0
BRDA:333,40,0,0
BRDA:334,41,0,0
BRDA:334,41,1,0
BRDA:337,42,0,0
BRDA:340,43,0,0
BRDA:366,44,0,0
BRDA:386,45,0,0
BRDA:389,46,0,0
BRDA:389,46,1,0
BRDA:400,47,0,0
BRDA:400,48,0,0
BRDA:400,48,1,0
BRDA:411,49,0,0
BRDA:462,50,0,0
BRDA:465,51,0,0
BRDA:468,52,0,0
BRDA:468,53,0,0
BRDA:468,53,1,0
BRDA:492,54,0,0
BRDA:495,55,0,0
BRDA:532,56,0,0
BRDA:534,57,0,0
BRDA:550,58,0,0
BRDA:561,59,0,0
BRDA:566,60,0,0
BRDA:572,61,0,0
BRDA:573,62,0,0
BRDA:573,62,1,0
BRDA:599,63,0,0
BRF:92
BRH:0
end_of_record
TN:
SF:src/node/PlanNode.ts
FN:17,(anonymous_0)
FNF:1
FNH:0
FNDA:0,(anonymous_0)
DA:18,0
DA:20,0
DA:23,0
DA:27,0
DA:29,0
DA:30,0
DA:63,0
DA:64,0
DA:66,0
DA:67,0
DA:71,0
DA:74,0
DA:75,0
DA:77,0
DA:119,0
DA:120,0
DA:121,0
DA:125,0
DA:128,0
DA:129,0
DA:134,0
DA:135,0
DA:136,0
DA:138,0
LF:24
LH:0
BRDA:27,0,0,0
BRDA:27,0,1,0
BRDA:66,1,0,0
BRDA:66,2,0,0
BRDA:66,2,1,0
BRDA:119,3,0,0
BRDA:128,4,0,0
BRF:7
BRH:0
end_of_record
TN:
SF:src/node/ProposalNode.ts
FN:6,(anonymous_0)
FN:25,(anonymous_1)
FN:33,(anonymous_2)
FNF:3
FNH:0
FNDA:0,(anonymous_0)
FNDA:0,(anonymous_1)
FNDA:0,(anonymous_2)
DA:7,0
DA:8,0
DA:9,0
DA:12,0
DA:14,0
DA:17,0
DA:18,0
DA:21,0
DA:23,0
DA:24,0
DA:25,0
DA:26,0
DA:28,0
DA:31,0
DA:32,0
DA:33,0
DA:34,0
DA:36,0
DA:40,0
DA:42,0
DA:43,0
DA:47,0
DA:48,0
DA:49,0
DA:50,0
DA:52,0
DA:53,0
DA:57,0
DA:64,0
DA:66,0
DA:67,0
DA:70,0
LF:32
LH:0
BRDA:7,0,0,0
BRDA:23,1,0,0
BRDA:31,2,0,0
BRDA:42,3,0,0
BRDA:52,4,0,0
BRDA:66,5,0,0
BRF:6
BRH:0
end_of_record
TN:
SF:src/node/QuestionsNode.ts
FN:13,(anonymous_0)
FNF:1
FNH:0
FNDA:0,(anonymous_0)
DA:14,0
DA:15,0
DA:16,0
DA:19,0
DA:21,0
DA:23,0
DA:55,0
DA:58,0
DA:59,0
DA:64,0
DA:65,0
DA:66,0
DA:68,0
DA:69,0
DA:72,0
LF:15
LH:0
BRDA:14,0,0,0
BRDA:58,1,0,0
BRDA:68,2,0,0
BRF:3
BRH:0
end_of_record
TN:
SF:src/node/ReleasedNode.ts
FN:5,(anonymous_0)
FNF:1
FNH:0
FNDA:0,(anonymous_0)
DA:6,0
LF:1
LH:0
BRF:0
BRH:0
end_of_record
TN:
SF:src/node/ResearchNode.ts
FN:17,(anonymous_0)
FNF:1
FNH:0
FNDA:0,(anonymous_0)
DA:18,0
DA:19,0
DA:20,0
DA:23,0
DA:25,0
DA:27,0
DA:63,0
DA:66,0
DA:67,0
DA:72,0
DA:73,0
DA:74,0
DA:76,0
DA:77,0
DA:80,0
LF:15
LH:0
BRDA:18,0,0,0
BRDA:66,1,0,0
BRDA:76,2,0,0
BRF:3
BRH:0
end_of_record
TN:
SF:src/node/ValidateNode.ts
FN:19,(anonymous_0)
FNF:1
FNH:0
FNDA:0,(anonymous_0)
DA:20,0
DA:21,0
DA:22,0
DA:25,0
DA:27,0
DA:30,0
DA:31,0
DA:33,0
DA:75,0
DA:78,0
DA:79,0
DA:84,0
DA:86,0
DA:87,0
DA:93,0
DA:95,0
DA:96,0
DA:98,0
DA:105,0
DA:106,0
DA:109,0
DA:123,0
DA:125,0
DA:126,0
DA:129,0
LF:25
LH:0
BRDA:20,0,0,0
BRDA:78,1,0,0
BRDA:86,2,0,0
BRDA:87,3,0,0
BRDA:87,3,1,0
BRDA:93,4,0,0
BRDA:93,4,1,0
BRDA:95,5,0,0
BRDA:105,6,0,0
BRDA:125,7,0,0
BRF:10
BRH:0
end_of_record
TN:
SF:src/notifications/NotificationService.ts
FN:12,(anonymous_0)
FN:31,(anonymous_1)
FN:61,(anonymous_2)
FN:71,(anonymous_3)
FN:81,(anonymous_4)
FN:91,(anonymous_5)
FN:100,(anonymous_6)
FN:110,(anonymous_7)
FN:119,(anonymous_8)
FN:138,(anonymous_9)
FN:145,(anonymous_10)
FNF:11
FNH:11
FNDA:13,(anonymous_0)
FNDA:9,(anonymous_1)
FNDA:1,(anonymous_2)
FNDA:1,(anonymous_3)
FNDA:1,(anonymous_4)
FNDA:1,(anonymous_5)
FNDA:1,(anonymous_6)
FNDA:1,(anonymous_7)
FNDA:2,(anonymous_8)
FNDA:4,(anonymous_9)
FNDA:5,(anonymous_10)
DA:10,13
DA:13,13
DA:14,13
DA:17,12
DA:18,12
DA:19,12
DA:21,0
DA:22,0
DA:33,9
DA:34,7
DA:38,2
DA:39,0
DA:43,2
DA:44,1
DA:45,1
DA:46,1
DA:47,1
DA:50,1
DA:51,0
DA:62,1
DA:72,1
DA:82,1
DA:92,1
DA:101,1
DA:111,1
DA:120,2
DA:130,2
DA:131,1
DA:139,4
DA:146,5
LF:30
LH:26
BRDA:17,0,0,12
BRDA:21,1,0,0
BRDA:31,2,0,2
BRDA:33,3,0,7
BRDA:38,4,0,0
BRDA:38,5,0,2
BRDA:38,5,1,0
BRDA:43,6,0,1
BRDA:43,7,0,2
BRDA:43,7,1,2
BRDA:43,7,2,1
BRDA:45,8,0,1
BRDA:50,9,0,0
BRDA:130,10,0,1
BRDA:130,11,0,2
BRDA:130,11,1,1
BRF:16
BRH:12
end_of_record
TN:
SF:src/notifications/audio.ts
FN:11,(anonymous_0)
FN:19,(anonymous_1)
FN:33,(anonymous_2)
FN:39,(anonymous_3)
FN:40,(anonymous_4)
FN:54,(anonymous_5)
FNF:6
FNH:4
FNDA:12,(anonymous_0)
FNDA:12,(anonymous_1)
FNDA:1,(anonymous_2)
FNDA:0,(anonymous_3)
FNDA:0,(anonymous_4)
FNDA:1,(anonymous_5)
DA:12,12
DA:13,12
DA:20,12
DA:22,12
DA:24,0
DA:26,0
DA:35,1
DA:36,1
DA:39,0
DA:40,0
DA:41,0
DA:42,0
DA:44,0
DA:55,1
DA:56,0
DA:58,1
LF:16
LH:8
BRDA:11,0,0,0
BRDA:20,1,0,12
BRDA:20,1,1,0
BRDA:20,1,2,0
BRDA:35,2,0,1
BRDA:41,3,0,0
BRDA:41,3,1,0
BRDA:55,4,0,0
BRDA:55,5,0,1
BRDA:55,5,1,1
BRF:10
BRH:4
end_of_record
TN:
SF:src/notifications/config.ts
FN:6,loadNotificationConfig
FN:37,parseBool
FN:45,validateConfig
FNF:3
FNH:3
FNDA:13,loadNotificationConfig
FNDA:39,parseBool
FNDA:13,validateConfig
DA:10,13
DA:25,13
DA:38,39
DA:39,2
DA:46,13
DA:47,1
DA:51,12
DA:52,60
DA:53,0
LF:9
LH:8
BRDA:7,0,0,4
BRDA:13,1,0,13
BRDA:13,1,1,13
BRDA:38,2,0,37
BRDA:39,3,0,2
BRDA:39,3,1,2
BRDA:46,4,0,1
BRDA:46,5,0,13
BRDA:46,5,1,13
BRDA:52,6,0,0
BRDA:52,7,0,60
BRDA:52,7,1,3
BRF:12
BRH:11
end_of_record
TN:
SF:src/notifications/types.ts
FNF:0
FNH:0
DA:35,1
LF:1
LH:1
BRF:0
BRH:0
end_of_record
